Start testing: Aug 26 07:09 UTC
----------------------------------------------------------
1/1 Testing: LetheTests
1/1 Test: LetheTests
Command: "/src/build-linux/lethe_tests"
Directory: /src/build-linux
"LetheTests" start time: Aug 26 07:09 UTC
Output:
----------------------------------------------------------
Lethe Test Suite
================
Running 205 test cases...
========================================
[lethe-vpn] Server tunnel configured
[lethe-vpn] Client tunnel configured for 127.0.0.1:51820
[lethe-vpn] Server handshake complete, tunnel connected
[lethe-vpn] Handshake complete, tunnel connected
  [PASS] VpnTunnel_Handshake_Loopback
[lethe-vpn] Server tunnel configured
[lethe-vpn] Client tunnel configured for 127.0.0.1:51820
[lethe-vpn] Server handshake complete, tunnel connected
[lethe-vpn] Handshake complete, tunnel connected
  [PASS] VpnTunnel_DataPath_ClientToServer
[lethe-vpn] Server tunnel configured
[lethe-vpn] Client tunnel configured for 127.0.0.1:51820
[lethe-vpn] Server handshake complete, tunnel connected
[lethe-vpn] Handshake complete, tunnel connected
  [PASS] VpnTunnel_DataPath_ServerToClient
[lethe-vpn] Server tunnel configured
[lethe-vpn] Client tunnel configured for 127.0.0.1:51820
[lethe-vpn] Server handshake complete, tunnel connected
[lethe-vpn] Handshake complete, tunnel connected
  [PASS] VpnTunnel_Bidirectional_MultiplePackets
[lethe-vpn] Server tunnel configured
[lethe-vpn] Client tunnel configured for 127.0.0.1:51820
[lethe-vpn] Server handshake complete, tunnel connected
[lethe-vpn] Handshake complete, tunnel connected
  [PASS] VpnTunnel_TamperedPacket_Detected
[lethe-vpn] Server tunnel configured
[lethe-vpn] Client tunnel configured for 127.0.0.1:51820
  [PASS] VpnTunnel_WrongServerKey_Fails
[lethe-vpn] Server tunnel configured
[lethe-vpn] Client tunnel configured for 127.0.0.1:51820
[lethe-vpn] Client tunnel configured for 127.0.0.1:51820
  [PASS] VpnTunnel_CIDR_Routing
[lethe-vpn] Server tunnel configured
[lethe-vpn] Client tunnel configured for 127.0.0.1:51820
[lethe-vpn] Server handshake complete, tunnel connected
[lethe-vpn] Handshake complete, tunnel connected
  [PASS] VpnTunnel_MTU_Enforcement
[lethe-vpn-server] Configured (public key: c32bfc744e0a64dd42b65fafce4da9c57600610c471fa34067751cae7bd19374)
[lethe-vpn-server] Listening on 127.0.0.1:49709
[lethe-vpn] Client tunnel configured for 127.0.0.1:49709
[lethe-vpn] Server tunnel configured
[lethe-vpn] Server handshake complete, tunnel connected
[lethe-vpn-server] Client connected: baf8b5d8092fb6bda7e94cb337549b1b61bd71408ce680fad9493052d9634afa (127.0.0.1:52487)
[lethe-vpn] Handshake complete, tunnel connected
  [PASS] VpnServer_Handshake_OverRealUdp
[lethe-vpn-server] Configured (public key: e37c88bba0d6b60a0974e995217c84cbba282687e4f1c3c753ce90318a8c7574)
[lethe-vpn-server] Listening on 127.0.0.1:55101
[lethe-vpn] Client tunnel configured for 127.0.0.1:55101
[lethe-vpn] Server tunnel configured
[lethe-vpn] Server handshake complete, tunnel connected
[lethe-vpn-server] Client connected: 4051cece5be963a3ed23d68257f3d94def177494f1072c79255c2313822e2414 (127.0.0.1:41262)
[lethe-vpn] Handshake complete, tunnel connected
  [PASS] VpnServer_DataPath_ClientToServer_OverUdp
[lethe-vpn-server] Configured (public key: 96bcb2c6b6a277c46ab328ce897720ed69b4e31c16e8028d7a983029e1021773)
[lethe-vpn-server] Listening on 127.0.0.1:44713
[lethe-vpn] Client tunnel configured for 127.0.0.1:44713
[lethe-vpn] Server tunnel configured
[lethe-vpn] Server handshake complete, tunnel connected
[lethe-vpn-server] Client connected: 00d9d32e4f4fba26ca1d02addb58aa49cbfa57bff5d8df44481e1e5a175536c8 (127.0.0.1:42357)
[lethe-vpn] Handshake complete, tunnel connected
  [PASS] VpnServer_DataPath_ServerToClient_OverUdp
[lethe-vpn-server] Configured (public key: a18bea586e57c28014c00d0dda68246d42fa0736564c986815ed0a02b6b34c22)
[lethe-vpn-server] Listening on 127.0.0.1:50214
[lethe-vpn] Client tunnel configured for 127.0.0.1:50214
[lethe-vpn] Server tunnel configured
[lethe-vpn] Server handshake complete, tunnel connected
[lethe-vpn-server] Client connected: 5b555ff7bec40f577917ca2ebc206f507485fd55f864153852f0201f611a6695 (127.0.0.1:51570)
[lethe-vpn] Handshake complete, tunnel connected
[lethe-vpn] Client tunnel configured for 127.0.0.1:50214
[lethe-vpn] Server tunnel configured
[lethe-vpn] Server handshake complete, tunnel connected
[lethe-vpn-server] Client connected: d31c4f6613fbfc51e75fe94b6fb747ab975cc952b0913c13603b7176711e5bd8 (127.0.0.1:44083)
[lethe-vpn] Handshake complete, tunnel connected
[lethe-vpn] Client tunnel configured for 127.0.0.1:50214
[lethe-vpn] Server tunnel configured
[lethe-vpn] Server handshake complete, tunnel connected
[lethe-vpn-server] Client connected: 1fceb3ee607b0f5f87d196960f222a0a5a857a978b47ea8c0800272568b24bf4 (127.0.0.1:45679)
[lethe-vpn] Handshake complete, tunnel connected
  [PASS] VpnServer_MultipleClients_OverUdp
[lethe-vpn-server] Configured (public key: 09202bc573d09bccefb7da8d5107a104ebfa05a930b02784d05a62975f666100)
[lethe-vpn-server] Listening on 127.0.0.1:60142
[lethe-vpn] Client tunnel configured for 127.0.0.1:60142
[lethe-vpn] Server tunnel configured
[lethe-vpn] Server handshake complete, tunnel connected
[lethe-vpn-server] Client connected: 1798bcaf50f0c4878b58795ee6e1113841640d8ccca4c2a53faa42c3b2d04ad7 (127.0.0.1:54814)
[lethe-vpn] Handshake complete, tunnel connected
[lethe-vpn-server] Dropping undecryptable datagram from 127.0.0.1:54814
  [PASS] VpnServer_TamperedPacket_Rejected_OverUdp
  [PASS] RelayFrame_OpenDataEndRoundTrip
  [PASS] RelayFrame_MalformedRejected
[lethe-vpn-server] Configured (public key: f8f9f63b0dd565a6b4249f8b8a289e497b231981cac91e4a8195357c2970a837)
[lethe-vpn-server] Listening on 127.0.0.1:49098
[lethe-vpn] Client tunnel configured for 127.0.0.1:49098
[lethe-vpn] Server tunnel configured
[lethe-vpn] Server handshake complete, tunnel connected
[lethe-vpn-server] Client connected: 1746796a8d19e0324f25c3dc1b30fc0577b971a3d4ee3d88f32cfff871713353 (127.0.0.1:51433)
[lethe-vpn] Handshake complete, tunnel connected
  [PASS] VpnServer_Relay_HttpStreamOverRealUdp
[lethe-vpn-server] Configured (public key: eb7a907ef6f4f781bc5475c63414599875a916de92fb2918fbf1a80249fbdc68)
[lethe-vpn-server] Listening on 127.0.0.1:46821
[lethe-vpn] Client tunnel configured for 127.0.0.1:46821
[lethe-vpn] Server tunnel configured
[lethe-vpn] Server handshake complete, tunnel connected
[lethe-vpn-server] Client connected: a27e11d9d2a87113d4bae2684072bedf035d502db26d528fe376775bc38f9cc7 (127.0.0.1:52777)
[lethe-vpn] Handshake complete, tunnel connected
[lethe-vpn-server] Relay connect failed to 127.0.0.1:9
  [PASS] VpnServer_Relay_UnreachableTarget_ErrFrame
[lethe-vpn-server] Configured (public key: 6b96bcba3498344c8e40a2df153463de846de8d1e9db4ec241feb48d1f44a31a)
[lethe-vpn-server] Listening on 127.0.0.1:33772
[lethe-vpn] Client tunnel configured for 127.0.0.1:33772
[lethe-vpn] Server tunnel configured
[lethe-vpn] Server handshake complete, tunnel connected
[lethe-vpn-server] Client connected: 65a04eff822aa1f6984418d8534e1b5fe435ae068da57dd30154824f8798799d (127.0.0.1:49423)
[lethe-vpn] Handshake complete, tunnel connected
  [PASS] VpnServer_Relay_Disabled_PayloadGoesToCallback
[lethe] Applying Linux sandbox (seccomp-bpf, default-deny)...
[lethe] Seccomp allowlist active (103 syscalls permitted)
[lethe] Initializing security policies...
[lethe] Security policies initialized (CSP, sandboxing)
[lethe] Initializing network stack...
[lethe] HTTP client initialized (TLS 772+)
[lethe-http][doh] provider configured: https://cloudflare-dns.com/dns-query
[lethe] Network stack initialized (TLS 772+, DoH: on, UA: standard, cookies: partitioned, HSTS: enforced, private-net: isolated, pins: 0)
[lethe] Initializing built-in VPN...
[lethe] VPN tunnel attached to HTTP client
[lethe] Built-in VPN initialized (disabled by default)
[lethe] Initializing renderer...
[lethe] Initializing hardware renderer (Skia GPU pipeline)
[lethe] Renderer initialized
[lethe] Initializing browser state...
[lethe] Browser state initialized
[lethe] Engine v1.0.0 initialized
[lethe-vpn-server] Configured (public key: 1b41fb5f8de44dce3a76ec1caf09da6a42617cb3660e468772b86eef1e848719)
[lethe-vpn-server] Listening on 127.0.0.1:56249
[lethe-vpn] Client tunnel configured for 127.0.0.1:56249
[lethe-vpn] Server tunnel configured
[lethe-vpn] Server handshake complete, tunnel connected
[lethe-vpn-server] Client connected: 4c3a18d68648111379fa73f50136ecd13b91b706f594b4bdaea8526868d89b18 (127.0.0.1:60279)
[lethe-vpn] Handshake complete, tunnel connected
[lethe-vpn] Session established with 127.0.0.1:56249
[lethe] Shutting down components...
[lethe] HTTP client shut down
[lethe] Shut down renderer
[lethe] Engine shut down
  [PASS] Engine_VpnRealHandshake_OverUdp
[lethe] Applying Linux sandbox (seccomp-bpf, default-deny)...
[lethe] Seccomp allowlist active (103 syscalls permitted)
[lethe] Initializing security policies...
[lethe] Security policies initialized (CSP, sandboxing)
[lethe] Initializing network stack...
[lethe] HTTP client initialized (TLS 772+)
[lethe-http][doh] provider configured: https://cloudflare-dns.com/dns-query
[lethe] Network stack initialized (TLS 772+, DoH: on, UA: standard, cookies: partitioned, HSTS: enforced, private-net: isolated, pins: 0)
[lethe] Initializing built-in VPN...
[lethe] VPN tunnel attached to HTTP client
[lethe] Built-in VPN initialized (disabled by default)
[lethe] Initializing renderer...
[lethe] Initializing hardware renderer (Skia GPU pipeline)
[lethe] Renderer initialized
[lethe] Initializing browser state...
[lethe] Browser state initialized
[lethe] Engine v1.0.0 initialized
[lethe-vpn-server] Configured (public key: e98e7fbcfdf73f2ffcabf08fcbf267729ca97393496dcb5cd39dba2d959cb124)
[lethe-vpn-server] Listening on 127.0.0.1:42474
[lethe-vpn] Client tunnel configured for 127.0.0.1:42474
[lethe-vpn] Server tunnel configured
[lethe-vpn] Server handshake complete, tunnel connected
[lethe-vpn-server] Client connected: 1486330237e6960b5650c56b856e34effee454133133a1659df803324bb96e65 (127.0.0.1:48711)
[lethe-vpn] Handshake complete, tunnel connected
[lethe-vpn] Session established with 127.0.0.1:42474
[lethe-vpn] Rekeying session
[lethe-vpn] Server tunnel configured
[lethe-vpn] Server handshake complete, tunnel connected
[lethe-vpn-server] Client connected: bc0a82c4ecd6ca1bb278c35021aa081b7dc3bccb970e1b7adde51841c85dc457 (127.0.0.1:48711)
[lethe-vpn] Handshake complete, tunnel connected
[lethe-vpn] Session established with 127.0.0.1:42474
[lethe] Shutting down components...
[lethe] HTTP client shut down
[lethe] Shut down renderer
[lethe] Engine shut down
  [PASS] Engine_VpnRekey_AfterSessionExpiry
[lethe] Applying Linux sandbox (seccomp-bpf, default-deny)...
[lethe] Seccomp allowlist active (103 syscalls permitted)
[lethe] Initializing security policies...
[lethe] Security policies initialized (CSP, sandboxing)
[lethe] Initializing network stack...
[lethe] HTTP client initialized (TLS 772+)
[lethe-http][doh] provider configured: https://cloudflare-dns.com/dns-query
[lethe] Network stack initialized (TLS 772+, DoH: on, UA: standard, cookies: partitioned, HSTS: enforced, private-net: isolated, pins: 0)
[lethe] Initializing built-in VPN...
[lethe] VPN tunnel attached to HTTP client
[lethe] Built-in VPN initialized (disabled by default)
[lethe] Initializing renderer...
[lethe] Initializing hardware renderer (Skia GPU pipeline)
[lethe] Renderer initialized
[lethe] Initializing browser state...
[lethe] Browser state initialized
[lethe] Engine v1.0.0 initialized
[lethe-vpn] Client tunnel configured for 127.0.0.1:1
[lethe-vpn] No handshake response from 127.0.0.1:1
[lethe-vpn] Endpoint not reachable yet; will retry
[lethe] Shutting down components...
[lethe] HTTP client shut down
[lethe] Shut down renderer
[lethe] Engine shut down
  [PASS] Engine_VpnPump_SafeWhenEndpointUnreachable
[lethe-vpn] Client tunnel configured for 127.0.0.1:51820
[lethe] HTTP client initialized (TLS 772+)
[lethe] VPN tunnel attached to HTTP client
[lethe-http] GET http://127.0.0.1:9/
[lethe-http] Blocked: 127.0.0.1 (127.0.0.1) requires the VPN tunnel (allowed CIDR match) but the tunnel is down
[lethe] HTTP client shut down
  [PASS] HttpClient_VpnFailClosed_BlocksWhenTunnelDown
[lethe-vpn] Client tunnel configured for 127.0.0.1:51820
[lethe-vpn] Server tunnel configured
[lethe-vpn] Server handshake complete, tunnel connected
[lethe-vpn] Handshake complete, tunnel connected
[lethe] HTTP client initialized (TLS 772+)
[lethe] VPN tunnel attached to HTTP client
[lethe-http] GET http://127.0.0.1:9/ (via VPN)
[lethe-http] Connect failed to 127.0.0.1:9
[lethe] HTTP client shut down
  [PASS] HttpClient_VpnPolicy_AllowsWhenConnected
[lethe-vpn] Server tunnel configured
[lethe-vpn] Client tunnel configured for 127.0.0.1:51820
[lethe-vpn] Server handshake complete, tunnel connected
[lethe-vpn] Handshake complete, tunnel connected
  [PASS] VpnTunnel_ReplayWindow_DuplicateRejected
[lethe-vpn] Server tunnel configured
[lethe-vpn] Client tunnel configured for 127.0.0.1:51820
[lethe-vpn] Server handshake complete, tunnel connected
[lethe-vpn] Handshake complete, tunnel connected
  [PASS] VpnTunnel_ReplayWindow_ReorderedAccepted
[lethe-vpn] Server tunnel configured
[lethe-vpn] Client tunnel configured for 127.0.0.1:51820
[lethe-vpn] Server handshake complete, tunnel connected
[lethe-vpn] Handshake complete, tunnel connected
  [PASS] VpnTunnel_ReplayWindow_TooOldRejected
[lethe-vpn] Server tunnel configured
[lethe-vpn] Client tunnel configured for 127.0.0.1:51820
[lethe-vpn] Server handshake complete, tunnel connected
[lethe-vpn] Handshake complete, tunnel connected
  [PASS] VpnTunnel_ReplayWindow_AuthFailure_DoesNotMoveWindow
[lethe-vpn] Server tunnel configured
[lethe-vpn] Client tunnel configured for 127.0.0.1:51820
[lethe-vpn] Server handshake complete, tunnel connected
[lethe-vpn] Handshake complete, tunnel connected
  [PASS] VpnTunnel_SessionExpiry_RejectsDataAfterLifetime
[lethe-vpn] Server tunnel configured
[lethe-vpn] Client tunnel configured for 127.0.0.1:51820
[lethe-vpn] Server handshake complete, tunnel connected
[lethe-vpn] Handshake complete, tunnel connected
  [PASS] VpnTunnel_SessionLifetime_Tracking
[lethe-vpn] Server tunnel configured
[lethe-vpn] Client tunnel configured for 127.0.0.1:51820
[lethe-vpn] Server handshake complete, tunnel connected
[lethe-vpn] Handshake complete, tunnel connected
  [PASS] VpnTunnel_WipeSecrets_DropsSessionAndKeys
[lethe-vpn-server] Configured (public key: a3096a1024e08a4878600d6accec8621e1fe58bb7e05e5187c9c47ac015c4034)
[lethe-vpn-server] Listening on 127.0.0.1:36284
[lethe-vpn] Client tunnel configured for 127.0.0.1:36284
[lethe-vpn] Server tunnel configured
[lethe-vpn] Server handshake complete, tunnel connected
[lethe-vpn-server] Client connected: f90fd2c28b6c31fbd72e6960ce05565e79429c4397116ec1129317092b1e20bb (127.0.0.1:53791)
[lethe-vpn] Handshake complete, tunnel connected
[lethe-vpn-server] Evicted 1 idle client(s)
  [PASS] VpnServer_IdleClient_Evicted
[lethe-vpn-server] Configured (public key: 67ffd1840c2fb227312cb92e413db1f9fff99b20704372954b1b42385ebd3d51)
[lethe-vpn-server] Listening on 127.0.0.1:57025
[lethe-vpn] Client tunnel configured for 127.0.0.1:57025
[lethe-vpn] Server tunnel configured
[lethe-vpn] Server handshake complete, tunnel connected
[lethe-vpn-server] Client connected: 2eb0e714b079ec88ceef9cea8fb7e8322cf24caba8e96b3c87dae9fe4c867d5f (127.0.0.1:40746)
[lethe-vpn] Handshake complete, tunnel connected
[lethe-vpn] Client tunnel configured for 127.0.0.1:57025
  [PASS] VpnServer_MaxClients_Cap
[lethe-vpn-server] Configured (public key: 6df64fe6b38e9b9ee262c348fd35dc133bc9c1cfd04b89ffb30a2ad5318bfb22)
[lethe-vpn-server] Listening on 127.0.0.1:34088
[lethe-vpn] Client tunnel configured for 127.0.0.1:34088
[lethe-vpn] Server tunnel configured
[lethe-vpn] Server handshake complete, tunnel connected
[lethe-vpn-server] Client connected: 0506336a082a0d2a82f51a6a202a0192d7a57f8cdb13e19c7a2c2b88859e0454 (127.0.0.1:45174)
[lethe-vpn] Handshake complete, tunnel connected
[lethe-vpn] Client tunnel configured for 127.0.0.1:34088
[lethe-vpn] Server tunnel configured
[lethe-vpn] Server handshake complete, tunnel connected
[lethe-vpn-server] Client connected: 51b0a4d17a0944b85932f06664e11aaa4d3747832f1a305b31e243cdbc94a8d0 (127.0.0.1:39351)
[lethe-vpn] Handshake complete, tunnel connected
[lethe-vpn] Client tunnel configured for 127.0.0.1:34088
  [PASS] VpnServer_HandshakeRateLimit
  [PASS] VpnCrypto_KeyGeneration
  [PASS] VpnCrypto_PublicKeyDerivation
  [PASS] VpnCrypto_ECDH_Symmetric
  [PASS] VpnCrypto_Chacha20Poly1305_RoundTrip
  [PASS] VpnCrypto_Chacha20Poly1305_TamperDetection
  [PASS] VpnCrypto_Chacha20Poly1305_WrongKey
  [PASS] VpnCrypto_Chacha20Poly1305_DifferentCounters
  [PASS] VpnCrypto_SHA256
  [PASS] VpnCrypto_HMAC_SHA256
  [PASS] VpnCrypto_HKDF
  [PASS] VpnCrypto_HexEncoding
  [PASS] VpnCrypto_HexParsing_Invalid
  [PASS] UdpTransport_BindAndLocalPort
  [PASS] UdpTransport_SendRecv_Loopback
  [PASS] UdpTransport_SendAndReceive_Echo
  [PASS] UdpTransport_RecvTimeout_ReturnsMinusOne
  [PASS] UdpTransport_MultipleDatagrams
  [PASS] Sandbox_FileWritePolicy_Enforced
[lethe] restrictFS is fixed at apply() time; ignoring
[lethe] restrictNetwork is fixed at apply() time; ignoring
[lethe] restrictSyscalls is fixed at apply() time; ignoring
  [PASS] Sandbox_RestrictionAPI_HonestAboutFixedPolicies
  [PASS] ParseReferrerPolicy_Tokens
  [PASS] FetchSite_Derivation
[lethe] HTTP client initialized (TLS 772+)
[lethe-http] GET http://127.0.0.1:36265/doc
[lethe-http] GET http://127.0.0.1:36265/api
[lethe] HTTP client shut down
  [PASS] NavigationHeaders_EmittedOnlyForNavigations
[lethe] HTTP client initialized (TLS 772+)
[lethe-http] GET http://127.0.0.1:36877/
[lethe] HTTP client shut down
  [PASS] NavigationHeaders_CallerValuesWin
[lethe] HTTP client initialized (TLS 772+)
[lethe-http] GET http://127.0.0.1:43363/target
[lethe-http] GET http://127.0.0.1:43363/target
[lethe] HTTP client shut down
  [PASS] Referer_ComputedPerHopUnderDefaultPolicy
[lethe] HTTP client initialized (TLS 772+)
[lethe-http] GET http://127.0.0.1:44607/hop1
[lethe-http] GET http://127.0.0.1:42559/hop2
[lethe] HTTP client shut down
  [PASS] RedirectChain_RefererFollowsHopsNotTheOriginalUrl
[lethe] HTTP client initialized (TLS 772+)
[lethe-http][doh] provider configured: http://127.0.0.1:38861/dns-query
[lethe-http] GET https://localhost:41899/secure
[lethe-http][doh] localhost -> 127.0.0.1
[lethe-http] TLS established with localhost (TLSv1.3)
[lethe-http] GET http://127.0.0.1:37629/downgraded
[lethe] HTTP client shut down
  [PASS] Referer_HttpsDowngradeIsStrippedEntirely
[lethe] HTTP client initialized (TLS 772+)
[lethe-http] GET http://127.0.0.1:46735/
[lethe-http] GET http://127.0.0.1:35767/x
[lethe] HTTP client shut down
[lethe] HTTP client initialized (TLS 772+)
[lethe-http] GET http://127.0.0.1:33007/
[lethe-http] GET http://127.0.0.1:41887/x
[lethe] HTTP client shut down
[lethe] HTTP client initialized (TLS 772+)
[lethe-http] GET http://127.0.0.1:34853/deep/path?q=1
[lethe-http] GET http://127.0.0.1:33751/x
[lethe] HTTP client shut down
[lethe] HTTP client initialized (TLS 772+)
[lethe-http] GET http://127.0.0.1:38775/
[lethe-http] GET http://127.0.0.1:44011/x
[lethe] HTTP client shut down
[lethe] HTTP client initialized (TLS 772+)
[lethe-http] GET http://127.0.0.1:37741/
[lethe-http] Ignoring Referrer-Policy header with no known token
[lethe-http] GET http://127.0.0.1:42291/x
[lethe] HTTP client shut down
  [PASS] ReferrerPolicy_HeaderGovernsLaterRedirectHops
[lethe] HTTP client initialized (TLS 772+)
[lethe-http] GET http://127.0.0.1:36649/t
[lethe] HTTP client shut down
[lethe] HTTP client initialized (TLS 772+)
[lethe-http] GET http://127.0.0.1:36649/t
[lethe] HTTP client shut down
  [PASS] ReferrerPolicy_ClientDefaultAndRequestOverride
[lethe] HTTP client initialized (TLS 772+)
[lethe-http] Blocked non-http(s) URL scheme 'ftp': ftp://127.0.0.1/file
[lethe-http] Blocked non-http(s) URL scheme 'file': file:///etc/passwd
[lethe-http] Blocked non-http(s) URL scheme '': javascript:alert(1)
[lethe-http] Blocked non-http(s) URL scheme '': data:text/html,<h1>hi</h1>
[lethe-http] Blocked non-http(s) URL scheme 'ws': ws://127.0.0.1/socket
[lethe-http] Blocked non-http(s) URL scheme '': noscheme.example.invalid/path
[lethe-http] GET http://127.0.0.1:38447/fine
[lethe] HTTP client shut down
  [PASS] SchemeAllowlist_BlocksNonHttpSchemesBeforeAnyIo
[lethe] HTTP client initialized (TLS 772+)
[lethe-http] GET http://127.0.0.1:42293/hop1
[lethe-http] Blocked non-http(s) URL scheme 'ftp': ftp://evil.example/payload
[lethe] HTTP client shut down
  [PASS] SchemeAllowlist_RedirectTargetsAreCheckedToo
  [PASS] PrivateNet_Classify_Ipv4Ranges
  [PASS] PrivateNet_Classify_Ipv6Forms
  [PASS] PrivateNet_Guard_DecisionMatrix
  [PASS] PrivateNet_Canonical_NumericSpellings
  [PASS] PrivateNet_EnvConfig
[lethe] HTTP client initialized (TLS 772+)
[lethe-http][doh] provider configured: http://127.0.0.1:38727/dns-query
[lethe-http] GET http://internal.example:38727/
[lethe-http][doh] internal.example -> 10.0.0.7
[lethe-http] Blocked: internal.example resolves to 10.0.0.7 (private) - private-network isolation refuses internal destinations
[lethe] HTTP client shut down
  [PASS] PrivateNet_E2e_NamedPrivateDestination_Blocked
[lethe] HTTP client initialized (TLS 772+)
[lethe-http][doh] provider configured: http://127.0.0.1:42507/dns-query
[lethe-http] GET http://site.test:42507/
[lethe-http][doh] site.test -> 127.0.0.1
[lethe] HTTP client shut down
  [PASS] PrivateNet_E2e_LoopbackNavigation_StillWorks
[lethe] HTTP client initialized (TLS 772+)
[lethe-http][doh] provider configured: http://127.0.0.1:39837/dns-query
[lethe-http] GET http://site.test:39837/redirect
[lethe-http][doh] site.test -> 127.0.0.1
[lethe-http] GET http://internal.example:39837/next
[lethe-http][doh] internal.example -> 10.0.0.7
[lethe-http] Blocked: internal.example resolves to 10.0.0.7 (private) - private-network isolation refuses internal destinations
[lethe] HTTP client shut down
  [PASS] PrivateNet_E2e_RedirectToPrivate_Blocked
[lethe] HTTP client initialized (TLS 772+)
[lethe-http][doh] provider configured: http://127.0.0.1:33829/dns-query
[lethe-http] GET http://metadata.google.internal:33829/computeMetadata/v1/
[lethe-http][doh] metadata.google.internal -> 169.254.169.254
[lethe-http] Blocked: metadata.google.internal resolves to 169.254.169.254 (link-local) - private-network isolation refuses internal destinations
[lethe] HTTP client shut down
  [PASS] PrivateNet_E2e_MetadataEndpoint_Blocked
[lethe] HTTP client initialized (TLS 772+)
[lethe-http] GET http://2130706433:42213/
[lethe] HTTP client initialized (TLS 772+)
[lethe-http] GET http://2130706433:42213/
[lethe-http] Blocked: 2130706433 resolves to 127.0.0.1 (loopback) - private-network isolation refuses internal destinations
[lethe] HTTP client shut down
[lethe] HTTP client shut down
  [PASS] PrivateNet_E2e_NumericSpellOut_Guarded
  [PASS] NavHistory_AppendAndCursor
  [PASS] NavHistory_BackForwardEdges
  [PASS] NavHistory_NewEntryTruncatesForwardBranch
  [PASS] NavHistory_CapKeepsMostRecent
  [PASS] NavHistory_ClearResetsCursor
[lethe] HTTP client initialized (TLS 772+)
[lethe-llm] Search service initialized (VPN: off)
[lethe] HTTP client shut down
  [PASS] SearchService_Initialize
[lethe] HTTP client initialized (TLS 772+)
[lethe-vpn] Server tunnel configured
[lethe-llm] Search service initialized (VPN: on)
[lethe] HTTP client shut down
  [PASS] SearchService_InitializeWithVpn
[lethe] HTTP client initialized (TLS 772+)
[lethe-llm] Search service initialized (VPN: off)
[lethe-llm] Searching: test query
[lethe-http] GET https://search.aletheia.os/search?q=test%20query&num=10
[lethe-http] Address resolution failed for search.aletheia.os: Name or service not known
[lethe-http] Connect failed to search.aletheia.os:443
[lethe-llm] Search request failed: Connection failed to search.aletheia.os:443
[lethe] HTTP client shut down
  [PASS] SearchService_BuildSearchUrl
[lethe-llm] SearchService not initialized
  [PASS] SearchService_ReadPage_NotInitialized
[lethe-llm] SearchService not initialized
  [PASS] SearchService_WebSearch_NotInitialized
[lethe] HTTP client initialized (TLS 772+)
[lethe-llm] Search service initialized (VPN: off)
[lethe] HTTP client shut down
  [PASS] SearchService_ExtractTextFromHtml
[lethe] HTTP client initialized (TLS 772+)
[lethe-http] GET http://127.0.0.1:35449/doc-0
[lethe-http] GET http://127.0.0.1:35449/doc-1
[lethe-http] Reusing keep-alive connection to 127.0.0.1:35449
[lethe-http] GET http://127.0.0.1:35449/doc-2
[lethe-http] Reusing keep-alive connection to 127.0.0.1:35449
[lethe] HTTP client shut down
  [PASS] KeepAlive_ReusesConnectionForRepeatFetches
[lethe] HTTP client initialized (TLS 772+)
[lethe-http] GET http://127.0.0.1:39815/one
[lethe-http] GET http://127.0.0.1:39815/two
[lethe] HTTP client shut down
  [PASS] KeepAlive_ConnectionCloseHeader_DisablesReuse
[lethe] HTTP client initialized (TLS 772+)
[lethe-http] GET http://127.0.0.1:43349/first
[lethe-http] GET http://127.0.0.1:43349/second
[lethe-http] Reusing keep-alive connection to 127.0.0.1:43349
[lethe] HTTP client shut down
  [PASS] KeepAlive_StaleIdleConnection_RetriedTransparently
[lethe] HTTP client initialized (TLS 772+)
[lethe-http] GET http://127.0.0.1:39587/redir
[lethe-http] GET http://127.0.0.1:39587/final
[lethe-http] Reusing keep-alive connection to 127.0.0.1:39587
[lethe] HTTP client shut down
  [PASS] KeepAlive_RedirectHops_StayOnSameConnection
[lethe-vpn] Client tunnel configured for 127.0.0.1:51820
[lethe-vpn] Server tunnel configured
[lethe-vpn] Server handshake complete, tunnel connected
[lethe-vpn] Handshake complete, tunnel connected
[lethe] HTTP client initialized (TLS 772+)
[lethe] VPN tunnel attached to HTTP client
[lethe-http] GET http://127.0.0.1:35791/a (via VPN)
[lethe-http] GET http://127.0.0.1:35791/b (via VPN)
[lethe-http] Reusing keep-alive connection to 127.0.0.1:35791
[lethe-http] GET http://127.0.0.1:35791/a
[lethe-http] Blocked: 127.0.0.1 (127.0.0.1) requires the VPN tunnel (allowed CIDR match) but the tunnel is down
[lethe-http] Blocked: 127.0.0.1 (127.0.0.1) requires the VPN tunnel (allowed CIDR match) but the tunnel is down
[lethe] HTTP client shut down
  [PASS] KeepAlive_TunnelDown_BlocksReusedConnectionFailClosed
[lethe] HTTP client initialized (TLS 772+)
[lethe-http][doh] provider configured: http://127.0.0.1:38381/dns-query
[lethe-http] GET http://cache.internal:38381/x
[lethe-http][doh] cache.internal -> 127.0.0.1
[lethe-http] GET http://cache.internal:38381/x
[lethe-http][doh] cache.internal -> 127.0.0.1 (cached)
[lethe-http] GET http://cache.internal:38381/x
[lethe-http][doh] cache.internal -> 127.0.0.1 (cached)
[lethe] HTTP client shut down
  [PASS] Doh_AnswerCache_ServesRepeatHostnamesWithoutProviderRoundTrip
[lethe] HTTP client initialized (TLS 772+)
[lethe-http][doh] provider configured: http://127.0.0.1:45803/dns-query
[lethe-http] GET http://cache.internal:45803/x
[lethe-http][doh] cache.internal -> 127.0.0.1
[lethe-http] GET http://cache.internal:45803/x
[lethe-http][doh] cache.internal -> 127.0.0.1
[lethe] HTTP client initialized (TLS 772+)
[lethe-http][doh] provider configured: http://127.0.0.1:45803/dns-query
[lethe-http] GET http://cache.internal:45803/x
[lethe-http][doh] cache.internal -> 127.0.0.1
[lethe-http] GET http://cache.internal:45803/x
[lethe-http][doh] cache.internal -> 127.0.0.1
[lethe] HTTP client initialized (TLS 772+)
[lethe-http][doh] provider configured: http://127.0.0.1:45803/dns-query
[lethe-http] GET http://cache.internal:45803/x
[lethe-http][doh] cache.internal -> 127.0.0.1
[lethe-http][doh] provider configured: http://127.0.0.1:45803/dns-query
[lethe-http] GET http://cache.internal:45803/x
[lethe-http][doh] cache.internal -> 127.0.0.1
[lethe] HTTP client shut down
[lethe] HTTP client shut down
[lethe] HTTP client shut down
  [PASS] Doh_AnswerCache_TtlExpiryAndDisable
[lethe] HTTP client initialized (TLS 772+)
[lethe-llm] Search service initialized (VPN: off)
[lethe-llm] Reading page: http://127.0.0.1:45419/doc-1
[lethe-http] GET http://127.0.0.1:45419/doc-1
[lethe-llm] Read page: Doc (20 chars)
[lethe-llm] Reading page: http://127.0.0.1:45419/doc-1
[lethe-llm] Page (cached): Doc (20 chars)
[lethe-llm] Reading page: http://127.0.0.1:45419/doc-1
[lethe-http] GET http://127.0.0.1:45419/doc-1
[lethe-http] Reusing keep-alive connection to 127.0.0.1:45419
[lethe-llm] Read page: Doc (20 chars)
[lethe-llm] Reading page: http://127.0.0.1:45419/doc-1
[lethe-http] GET http://127.0.0.1:45419/doc-1
[lethe-http] Reusing keep-alive connection to 127.0.0.1:45419
[lethe-llm] Read page: Doc (20 chars)
[lethe] HTTP client shut down
  [PASS] LlmCache_PageCache_ServesRepeatReadsWithoutNetwork
[lethe] HTTP client initialized (TLS 772+)
[lethe-llm] Search service initialized (VPN: off)
[lethe-llm] Reading page: http://127.0.0.1:41789/p1
[lethe-http] GET http://127.0.0.1:41789/p1
[lethe-llm] Read page: Doc (17 chars)
[lethe-llm] Reading page: http://127.0.0.1:41789/p2
[lethe-http] GET http://127.0.0.1:41789/p2
[lethe-http] Reusing keep-alive connection to 127.0.0.1:41789
[lethe-llm] Read page: Doc (17 chars)
[lethe-llm] Reading page: http://127.0.0.1:41789/p1
[lethe-llm] Page (cached): Doc (17 chars)
[lethe-llm] Reading page: http://127.0.0.1:41789/p3
[lethe-http] GET http://127.0.0.1:41789/p3
[lethe-http] Reusing keep-alive connection to 127.0.0.1:41789
[lethe-llm] Read page: Doc (17 chars)
[lethe-llm] Reading page: http://127.0.0.1:41789/p1
[lethe-llm] Page (cached): Doc (17 chars)
[lethe-llm] Reading page: http://127.0.0.1:41789/p2
[lethe-http] GET http://127.0.0.1:41789/p2
[lethe-http] Reusing keep-alive connection to 127.0.0.1:41789
[lethe-llm] Read page: Doc (17 chars)
[lethe] HTTP client shut down
  [PASS] LlmCache_PageCache_LruBoundEvictsColdestEntry
[lethe] HTTP client initialized (TLS 772+)
[lethe-llm] Search service initialized (VPN: off)
[lethe-llm] Searching: quantum breakthrough
[lethe-http] GET http://127.0.0.1:38123/search?q=quantum%20breakthrough&num=10
[lethe-llm] Got 1 results
[lethe-llm] Search (cached): quantum breakthrough -> 1 results
[lethe-llm] Searching: different query
[lethe-http] GET http://127.0.0.1:38123/search?q=different%20query&num=10
[lethe-http] Reusing keep-alive connection to 127.0.0.1:38123
[lethe-llm] Got 1 results
[lethe] HTTP client shut down
  [PASS] LlmCache_SearchCache_MemoizesIdenticalQueriesOnly
[lethe] HTTP client initialized (TLS 772+)
[lethe-llm] Search service initialized (VPN: off)
[lethe] HTTP client shut down
  [PASS] LlmParse_EntityTitles_Snippets_AndNavFiltering
[lethe] HTTP client initialized (TLS 772+)
[lethe-http] GET http://127.0.0.1:45937/index.html
[lethe] HTTP client shut down
  [PASS] HttpLive_SimpleGet
[lethe] HTTP client initialized (TLS 772+)
[lethe-http] GET http://127.0.0.1:45299/
[lethe] HTTP client shut down
  [PASS] HttpLive_CustomHeaders
[lethe] HTTP client initialized (TLS 772+)
[lethe-http] GET http://127.0.0.1:41343/gzipped
[lethe] HTTP client shut down
  [PASS] HttpLive_GzipDecompression
[lethe] HTTP client initialized (TLS 772+)
[lethe-http] GET http://127.0.0.1:44965/redirect
[lethe-http] GET http://127.0.0.1:44965/final
[lethe-http] GET http://127.0.0.1:44965/final
[lethe] HTTP client shut down
  [PASS] HttpLive_RedirectFollow
[lethe] HTTP client initialized (TLS 772+)
[lethe-http] REQ http://127.0.0.1:40751/submit
[lethe] HTTP client shut down
  [PASS] HttpLive_PostRequest
[lethe] HTTP client initialized (TLS 772+)
[lethe-http] GET http://127.0.0.1:1/
[lethe-http] Connect failed to 127.0.0.1:1
[lethe] HTTP client shut down
  [PASS] HttpLive_ConnectionRefused
[lethe] HTTP client initialized (TLS 772+)
[lethe-http] GET https://127.0.0.1:32911/secure
[lethe-http] TLS established with 127.0.0.1 (TLSv1.3)
[lethe] HTTP client shut down
  [PASS] HttpLive_TlsGet_SelfSigned
[lethe] HTTP client initialized (TLS 772+)
[lethe-http] REQ https://127.0.0.1:43413/submit
[lethe-http] TLS established with 127.0.0.1 (TLSv1.3)
[lethe] HTTP client shut down
  [PASS] HttpLive_TlsPost_SelfSigned
[lethe] HTTP client initialized (TLS 772+)
[lethe-llm] Search service initialized (VPN: off)
[lethe-llm] Searching: test query
[lethe-http] GET http://127.0.0.1:43423/searchengine/search?q=test%20query&num=10
[lethe-llm] Got 2 results
[lethe] HTTP client shut down
  [PASS] SearchLive_WebSearch_EndToEnd
[lethe] HTTP client initialized (TLS 772+)
[lethe-llm] Search service initialized (VPN: off)
[lethe-llm] Reading page: http://127.0.0.1:34029/article
[lethe-http] GET http://127.0.0.1:34029/article
[lethe-llm] Read page: My Test Article (75 chars)
[lethe] HTTP client shut down
  [PASS] SearchLive_ReadPage_EndToEnd
  [PASS] HtmlView_TitleExtraction
  [PASS] HtmlView_EntityDecoding
  [PASS] HtmlView_ScriptAndStyleStripped
  [PASS] HtmlView_Blocks_TypesAndOrder
  [PASS] HtmlView_EntitiesDecodedInBlocks
  [PASS] HtmlView_CommentsAndEmptyBlocksDropped
  [PASS] Hsts_Record_EnablesExactUpgrade
  [PASS] Hsts_HostNormalization_CaseAndTrailingDot
  [PASS] Hsts_Subdomain_NeedsIncludeSubDomains
  [PASS] Hsts_MaxAgeZero_RevokesPolicy
  [PASS] Hsts_Expired_Policy_DoesNotUpgrade
  [PASS] Hsts_IpLiterals_NeverCarryPolicy
  [PASS] Hsts_Capacity_Bounded_OldestEvicted
  [PASS] Hsts_Clear_DropsEverything
  [PASS] Hsts_StsHeader_Parse_ValidForms
  [PASS] Hsts_StsHeader_MissingOrBadMaxAge_RejectedEntirely
[lethe] HTTP client initialized (TLS 772+)
[lethe-http][doh] provider configured: http://127.0.0.1:37155/dns-query
[lethe-http] GET https://sts.internal:43013/hsts
[lethe-http][doh] sts.internal -> 127.0.0.1
[lethe-http] TLS established with sts.internal (TLSv1.3)
[lethe-http] HSTS policy recorded for sts.internal (max-age=3600, includeSubDomains)
[lethe-http] HSTS upgrade: https://sts.internal:43013/plain enforced before connect
[lethe-http] GET https://sts.internal:43013/plain
[lethe-http][doh] sts.internal -> 127.0.0.1 (cached)
[lethe-http] TLS established with sts.internal (TLSv1.3)
[lethe] HTTP client shut down
  [PASS] Hsts_E2e_LearnedPolicy_UpgradesPlainHttpBeforeConnect
[lethe] HTTP client initialized (TLS 772+)
[lethe-http][doh] provider configured: http://127.0.0.1:39587/dns-query
[lethe-http] GET http://sts.internal:44021/plain
[lethe-http][doh] sts.internal -> 127.0.0.1
[lethe] HTTP client shut down
  [PASS] Hsts_E2e_Control_NoPolicy_FailsAgainstTlsOnlyOrigin
[lethe] HTTP client initialized (TLS 772+)
[lethe-http][doh] provider configured: http://127.0.0.1:33775/dns-query
[lethe-http] GET http://plainsts.internal:33283/
[lethe-http][doh] plainsts.internal -> 127.0.0.1
[lethe-http] GET http://plainsts.internal:33283/
[lethe-http][doh] plainsts.internal -> 127.0.0.1 (cached)
[lethe] HTTP client shut down
  [PASS] Hsts_E2e_StsOverPlainHttp_IsIgnored
[lethe] HTTP client initialized (TLS 772+)
[lethe] HTTP client shut down
  [PASS] Hsts_Disabled_NoEnforcement
  [PASS] Env_NoVariablesLeavesConfigUntouched
  [PASS] Env_SandboxDisableValues
  [PASS] Env_SandboxEnableValue
  [PASS] Env_DnsProviderOverride
  [PASS] Env_DnsProviderDisableValues
  [PASS] Env_UserAgentModeStealth
  [PASS] Env_UserAgentModeStandardAndUnknown
[lethe] LETHE_CERT_PINS: ignoring malformed entry (no '='): broken
  [PASS] Env_CertPinsParsing
  [PASS] Env_CertPinsUnsetLeavesConfigUntouched
  [PASS] Ua_ModesResolveToDistinctStrings
[lethe] Applying Linux sandbox (seccomp-bpf, default-deny)...
[lethe] Seccomp allowlist active (103 syscalls permitted)
[lethe] Initializing security policies...
[lethe] Security policies initialized (CSP, sandboxing)
[lethe] Initializing network stack...
[lethe] HTTP client initialized (TLS 772+)
[lethe-http][doh] provider configured: https://cloudflare-dns.com/dns-query
[lethe] Network stack initialized (TLS 772+, DoH: on, UA: standard, cookies: partitioned, HSTS: enforced, private-net: isolated, pins: 0)
[lethe] Initializing built-in VPN...
[lethe] VPN tunnel attached to HTTP client
[lethe] Built-in VPN initialized (disabled by default)
[lethe] Initializing renderer...
[lethe] Initializing hardware renderer (Skia GPU pipeline)
[lethe] Renderer initialized
[lethe] Initializing browser state...
[lethe] Browser state initialized
[lethe] Engine v1.0.0 initialized
[lethe] Shutting down components...
[lethe] HTTP client shut down
[lethe] Shut down renderer
[lethe] Engine shut down
  [PASS] Engine_InitializeWithVpn
[lethe] Applying Linux sandbox (seccomp-bpf, default-deny)...
[lethe] Seccomp allowlist active (103 syscalls permitted)
[lethe] Initializing security policies...
[lethe] Security policies initialized (CSP, sandboxing)
[lethe] Initializing network stack...
[lethe] HTTP client initialized (TLS 772+)
[lethe-http][doh] provider configured: https://cloudflare-dns.com/dns-query
[lethe] Network stack initialized (TLS 772+, DoH: on, UA: standard, cookies: partitioned, HSTS: enforced, private-net: isolated, pins: 0)
[lethe] Initializing built-in VPN...
[lethe] VPN tunnel attached to HTTP client
[lethe] Built-in VPN initialized (disabled by default)
[lethe] Initializing renderer...
[lethe] Initializing hardware renderer (Skia GPU pipeline)
[lethe] Renderer initialized
[lethe] Initializing browser state...
[lethe] Browser state initialized
[lethe] Engine v1.0.0 initialized
[lethe-vpn] Client tunnel configured for vpn.aletheia.os:51820
[lethe-vpn] No handshake response from vpn.aletheia.os:51820
[lethe-vpn] Endpoint not reachable yet; will retry
[lethe] Shutting down components...
[lethe] HTTP client shut down
[lethe] Shut down renderer
[lethe] Engine shut down
  [PASS] Engine_EnableVpn
[lethe] Applying Linux sandbox (seccomp-bpf, default-deny)...
[lethe] Seccomp allowlist active (103 syscalls permitted)
[lethe] Initializing security policies...
[lethe] Security policies initialized (CSP, sandboxing)
[lethe] Initializing network stack...
[lethe] HTTP client initialized (TLS 772+)
[lethe-http][doh] provider configured: https://cloudflare-dns.com/dns-query
[lethe] Network stack initialized (TLS 772+, DoH: on, UA: standard, cookies: partitioned, HSTS: enforced, private-net: isolated, pins: 0)
[lethe] Initializing built-in VPN...
[lethe] VPN tunnel attached to HTTP client
[lethe] Built-in VPN initialized (disabled by default)
[lethe] Initializing renderer...
[lethe] Initializing hardware renderer (Skia GPU pipeline)
[lethe] Renderer initialized
[lethe] Initializing browser state...
[lethe] Browser state initialized
[lethe] Engine v1.0.0 initialized
[lethe-vpn] Client tunnel configured for vpn.aletheia.os:51820
[lethe-vpn] No handshake response from vpn.aletheia.os:51820
[lethe-vpn] Endpoint not reachable yet; will retry
[lethe-vpn] VPN disabled
[lethe] Shutting down components...
[lethe] HTTP client shut down
[lethe] Shut down renderer
[lethe] Engine shut down
  [PASS] Engine_DisableVpn
[lethe] Applying Linux sandbox (seccomp-bpf, default-deny)...
[lethe] Seccomp allowlist active (103 syscalls permitted)
[lethe] Initializing security policies...
[lethe] Security policies initialized (CSP, sandboxing)
[lethe] Initializing network stack...
[lethe] HTTP client initialized (TLS 772+)
[lethe-http][doh] provider configured: https://cloudflare-dns.com/dns-query
[lethe] Network stack initialized (TLS 772+, DoH: on, UA: standard, cookies: partitioned, HSTS: enforced, private-net: isolated, pins: 0)
[lethe] Initializing built-in VPN...
[lethe] VPN tunnel attached to HTTP client
[lethe] Built-in VPN initialized (disabled by default)
[lethe] Initializing renderer...
[lethe] Initializing hardware renderer (Skia GPU pipeline)
[lethe] Renderer initialized
[lethe] Initializing browser state...
[lethe] Browser state initialized
[lethe] Engine v1.0.0 initialized
[lethe-vpn] Server tunnel configured
[lethe-vpn] Client tunnel configured for 127.0.0.1:51820
[lethe-vpn] No handshake response from 127.0.0.1:51820
[lethe-vpn] Endpoint not reachable yet; will retry
[lethe-vpn] Server handshake complete, tunnel connected
[lethe-vpn] Handshake complete, tunnel connected
[lethe] Shutting down components...
[lethe] HTTP client shut down
[lethe] Shut down renderer
[lethe] Engine shut down
  [PASS] Engine_FullVpnHandshakeLoopback
[lethe] Applying Linux sandbox (seccomp-bpf, default-deny)...
[lethe] Seccomp allowlist active (103 syscalls permitted)
[lethe] Initializing security policies...
[lethe] Security policies initialized (CSP, sandboxing)
[lethe] Initializing network stack...
[lethe] HTTP client initialized (TLS 772+)
[lethe-http][doh] provider configured: http://127.0.0.1:42279/dns-query
[lethe] Network stack initialized (TLS 772+, DoH: on, UA: standard, cookies: partitioned, HSTS: enforced, private-net: isolated, pins: 0)
[lethe] Initializing built-in VPN...
[lethe] VPN tunnel attached to HTTP client
[lethe] Built-in VPN initialized (disabled by default)
[lethe] Initializing renderer...
[lethe] Initializing hardware renderer (Skia GPU pipeline)
[lethe] Renderer initialized
[lethe] Initializing browser state...
[lethe] Browser state initialized
[lethe] Engine v1.0.0 initialized
[lethe-llm] Search service initialized (VPN: on)
[aletheia] Lethe bridge initialized with LLM search
[lethe-llm] Searching: quantum computing
[lethe-http] GET http://search.internal:42279/search?q=quantum%20computing&num=10
[lethe-http][doh] search.internal -> 127.0.0.1
[lethe-llm] Got 2 results
[lethe] Shutting down components...
[lethe] HTTP client shut down
[lethe] Shut down renderer
[lethe] Engine shut down
  [PASS] E2E_LlmSearch_ThroughDohToOrigin
[lethe] Applying Linux sandbox (seccomp-bpf, default-deny)...
[lethe] Seccomp allowlist active (103 syscalls permitted)
[lethe] Initializing security policies...
[lethe] Security policies initialized (CSP, sandboxing)
[lethe] Initializing network stack...
[lethe] HTTP client initialized (TLS 772+)
[lethe-http][doh] provider configured: http://127.0.0.1:34471/dns-query
[lethe] Network stack initialized (TLS 772+, DoH: on, UA: standard, cookies: partitioned, HSTS: enforced, private-net: isolated, pins: 0)
[lethe] Initializing built-in VPN...
[lethe] VPN tunnel attached to HTTP client
[lethe] Built-in VPN initialized (disabled by default)
[lethe] Initializing renderer...
[lethe] Initializing hardware renderer (Skia GPU pipeline)
[lethe] Renderer initialized
[lethe] Initializing browser state...
[lethe] Browser state initialized
[lethe] Engine v1.0.0 initialized
[lethe-vpn] Client tunnel configured for 127.0.0.1:1
[lethe-vpn] No handshake response from 127.0.0.1:1
[lethe-vpn] Endpoint not reachable yet; will retry
[lethe-llm] Search service initialized (VPN: on)
[aletheia] Lethe bridge initialized with LLM search
[lethe-llm] Searching: sensitive query
[lethe-http] GET http://search.internal:34471/search?q=sensitive%20query&num=10
[lethe-http][doh] search.internal -> 127.0.0.1
[lethe-http] Blocked: search.internal (127.0.0.1) requires the VPN tunnel (allowed CIDR match) but the tunnel is down
[lethe-llm] Search request failed: Blocked: search.internal (127.0.0.1) requires the VPN tunnel (allowed CIDR match) but the tunnel is down
[lethe] Shutting down components...
[lethe] HTTP client shut down
[lethe] Shut down renderer
[lethe] Engine shut down
  [PASS] E2E_FullTunnelDown_BlocksLlmSearch
[lethe-vpn-server] Configured (public key: 5724cf1fbe7b63d292ab97014582c65da5a565267e92a42941631838e0ce2b7d)
[lethe-vpn-server] Listening on 127.0.0.1:50017
[lethe] Applying Linux sandbox (seccomp-bpf, default-deny)...
[lethe] Seccomp allowlist active (103 syscalls permitted)
[lethe] Initializing security policies...
[lethe] Security policies initialized (CSP, sandboxing)
[lethe] Initializing network stack...
[lethe] HTTP client initialized (TLS 772+)
[lethe-http][doh] provider configured: http://127.0.0.1:34643/dns-query
[lethe] Network stack initialized (TLS 772+, DoH: on, UA: standard, cookies: partitioned, HSTS: enforced, private-net: isolated, pins: 0)
[lethe] Initializing built-in VPN...
[lethe] VPN tunnel attached to HTTP client
[lethe] Built-in VPN initialized (disabled by default)
[lethe] Initializing renderer...
[lethe] Initializing hardware renderer (Skia GPU pipeline)
[lethe] Renderer initialized
[lethe] Initializing browser state...
[lethe] Browser state initialized
[lethe] Engine v1.0.0 initialized
[lethe-vpn] Client tunnel configured for 127.0.0.1:50017
[lethe-vpn] Server tunnel configured
[lethe-vpn] Server handshake complete, tunnel connected
[lethe-vpn-server] Client connected: 6c9bc5625b0684feaf3634a0d3311124fc5a38404e9831c2405b8b82fe93a9ee (127.0.0.1:35432)
[lethe-vpn] Handshake complete, tunnel connected
[lethe-vpn] Session established with 127.0.0.1:50017
[lethe-llm] Search service initialized (VPN: on)
[aletheia] Lethe bridge initialized with LLM search
[lethe-llm] Searching: quantum computing
[lethe-http] GET http://search.internal:34643/search?q=quantum%20computing&num=10
[lethe-http][doh] search.internal -> 127.0.0.1
[lethe-http] Routing search.internal:34643 through the encrypted tunnel
[lethe-llm] Got 2 results
[lethe] Shutting down components...
[lethe] HTTP client shut down
[lethe] Shut down renderer
[lethe] Engine shut down
  [PASS] E2E_VpnConnected_AllowsLlmSearchAndRegistersClient
[lethe] Applying Linux sandbox (seccomp-bpf, default-deny)...
[lethe] Seccomp allowlist active (103 syscalls permitted)
[lethe] Initializing security policies...
[lethe] Security policies initialized (CSP, sandboxing)
[lethe] Initializing network stack...
[lethe] HTTP client initialized (TLS 772+)
[lethe-http][doh] provider configured: http://127.0.0.1:39929/dns-query
[lethe] Network stack initialized (TLS 772+, DoH: on, UA: standard, cookies: partitioned, HSTS: enforced, private-net: isolated, pins: 0)
[lethe] Initializing built-in VPN...
[lethe] VPN tunnel attached to HTTP client
[lethe] Built-in VPN initialized (disabled by default)
[lethe] Initializing renderer...
[lethe] Initializing hardware renderer (Skia GPU pipeline)
[lethe] Renderer initialized
[lethe] Initializing browser state...
[lethe] Browser state initialized
[lethe] Engine v1.0.0 initialized
[lethe-llm] Search service initialized (VPN: on)
[aletheia] Lethe bridge initialized with LLM search
[lethe] Tab 1 navigating to http://doc.internal:39929/
[lethe-llm] Reading page: http://doc.internal:39929/
[lethe-http] GET http://doc.internal:39929/
[lethe-http][doh] doc.internal -> 127.0.0.1
[lethe-llm] Read page: Deep Document (73 chars)
[aletheia] Opened URL: http://doc.internal:39929/ (loaded) (tab 1)
[lethe] Shutting down components...
[lethe] HTTP client shut down
[lethe] Shut down renderer
[lethe] Engine shut down
  [PASS] E2E_BridgeOpenUrl_LoadsRendersAndCaches
[lethe-vpn-server] Configured (public key: a17f2ef9ed1472871507b5054b83369eb3323c552c6226ecf466689bf46e5026)
[lethe-vpn-server] Listening on 127.0.0.1:53456
[lethe] Applying Linux sandbox (seccomp-bpf, default-deny)...
[lethe] Seccomp allowlist active (103 syscalls permitted)
[lethe] Initializing security policies...
[lethe] Security policies initialized (CSP, sandboxing)
[lethe] Initializing network stack...
[lethe] HTTP client initialized (TLS 772+)
[lethe-http][doh] provider configured: http://127.0.0.1:37421/dns-query
[lethe] Network stack initialized (TLS 772+, DoH: on, UA: standard, cookies: partitioned, HSTS: enforced, private-net: isolated, pins: 0)
[lethe] Initializing built-in VPN...
[lethe] VPN tunnel attached to HTTP client
[lethe] Built-in VPN initialized (disabled by default)
[lethe] Initializing renderer...
[lethe] Initializing hardware renderer (Skia GPU pipeline)
[lethe] Renderer initialized
[lethe] Initializing browser state...
[lethe] Browser state initialized
[lethe] Engine v1.0.0 initialized
[lethe-llm] Search service initialized (VPN: on)
[aletheia] Lethe bridge initialized with LLM search
[lethe-vpn] Client tunnel configured for 127.0.0.1:1
[lethe-vpn] No handshake response from 127.0.0.1:1
[lethe-vpn] Endpoint not reachable yet; will retry
[lethe] Tab 1 navigating to http://doc.internal:37421/
[lethe-llm] Reading page: http://doc.internal:37421/
[lethe-http] GET http://doc.internal:37421/
[lethe-http][doh] doc.internal -> 127.0.0.1
[lethe-http] Blocked: doc.internal (127.0.0.1) requires the VPN tunnel (allowed CIDR match) but the tunnel is down
[lethe-llm] Page read failed: Blocked: doc.internal (127.0.0.1) requires the VPN tunnel (allowed CIDR match) but the tunnel is down
[aletheia] Navigation blocked or failed: Blocked: doc.internal (127.0.0.1) requires the VPN tunnel (allowed CIDR match) but the tunnel is down
[lethe-llm] Reading page: http://doc.internal:37421/
[lethe-http] GET http://doc.internal:37421/
[lethe-http][doh] doc.internal -> 127.0.0.1 (cached)
[lethe-http] Blocked: doc.internal (127.0.0.1) requires the VPN tunnel (allowed CIDR match) but the tunnel is down
[lethe-llm] Page read failed: Blocked: doc.internal (127.0.0.1) requires the VPN tunnel (allowed CIDR match) but the tunnel is down
[lethe-vpn] Client tunnel configured for 127.0.0.1:53456
[lethe-vpn] Server tunnel configured
[lethe-vpn] Server handshake complete, tunnel connected
[lethe-vpn-server] Client connected: dd7a8ca970c269d5950d957789453f4411651ea90d36fa1af26ab8d8ec6f5f61 (127.0.0.1:47274)
[lethe-vpn] Handshake complete, tunnel connected
[lethe-vpn] Session established with 127.0.0.1:53456
[lethe] Tab 1 navigating to http://doc.internal:37421/
[lethe-llm] Reading page: http://doc.internal:37421/
[lethe-http] GET http://doc.internal:37421/
[lethe-http][doh] doc.internal -> 127.0.0.1 (cached)
[lethe-http] Routing doc.internal:37421 through the encrypted tunnel
[lethe-llm] Read page: Deep Document (73 chars)
[lethe] Shutting down components...
[lethe] HTTP client shut down
[lethe] Shut down renderer
[lethe] Engine shut down
  [PASS] E2E_BridgeNavigate_TunnelDownBlocks_ThenTunnelUpRecovers
[lethe] Applying Linux sandbox (seccomp-bpf, default-deny)...
[lethe] Seccomp allowlist active (103 syscalls permitted)
[lethe] Initializing security policies...
[lethe] Security policies initialized (CSP, sandboxing)
[lethe] Initializing network stack...
[lethe] HTTP client initialized (TLS 772+)
[lethe-http][doh] provider configured: http://127.0.0.1:33013/dns-query
[lethe] Network stack initialized (TLS 772+, DoH: on, UA: standard, cookies: partitioned, HSTS: enforced, private-net: isolated, pins: 0)
[lethe] Initializing built-in VPN...
[lethe] VPN tunnel attached to HTTP client
[lethe] Built-in VPN initialized (disabled by default)
[lethe] Initializing renderer...
[lethe] Initializing hardware renderer (Skia GPU pipeline)
[lethe] Renderer initialized
[lethe] Initializing browser state...
[lethe] Browser state initialized
[lethe] Engine v1.0.0 initialized
[lethe-llm] Search service initialized (VPN: on)
[aletheia] Lethe bridge initialized with LLM search
[lethe] Tab 1 navigating to http://doc.internal:33013/a
[lethe-llm] Reading page: http://doc.internal:33013/a
[lethe-http] GET http://doc.internal:33013/a
[lethe-http][doh] doc.internal -> 127.0.0.1
[lethe-llm] Read page: Deep Document (73 chars)
[aletheia] Opened URL: http://doc.internal:33013/a (loaded) (tab 1)
[lethe] Tab 1 navigating to http://doc.internal:33013/b
[lethe-llm] Reading page: http://doc.internal:33013/b
[lethe-http] GET http://doc.internal:33013/b
[lethe-http][doh] doc.internal -> 127.0.0.1 (cached)
[lethe-llm] Read page: Deep Document (73 chars)
[lethe] Shutting down components...
[lethe] HTTP client shut down
[lethe] Shut down renderer
[lethe] Engine shut down
  [PASS] E2E_BridgeNavigation_PersistentSessionRecordsHistory
[lethe] Applying Linux sandbox (seccomp-bpf, default-deny)...
[lethe] Seccomp allowlist active (103 syscalls permitted)
[lethe] Initializing security policies...
[lethe] Security policies initialized (CSP, sandboxing)
[lethe] Initializing network stack...
[lethe] HTTP client initialized (TLS 772+)
[lethe-http][doh] provider configured: http://127.0.0.1:41065/dns-query
[lethe] Network stack initialized (TLS 772+, DoH: on, UA: standard, cookies: partitioned, HSTS: enforced, private-net: isolated, pins: 0)
[lethe] Initializing built-in VPN...
[lethe] VPN tunnel attached to HTTP client
[lethe] Built-in VPN initialized (disabled by default)
[lethe] Initializing renderer...
[lethe] Initializing hardware renderer (Skia GPU pipeline)
[lethe] Renderer initialized
[lethe] Initializing browser state...
[lethe] Browser state initialized
[lethe] Engine v1.0.0 initialized
[lethe-llm] Search service initialized (VPN: on)
[aletheia] Lethe bridge initialized with LLM search
[lethe] Tab 1 navigating to http://doc.internal:41065/start
[lethe-llm] Reading page: http://doc.internal:41065/start
[lethe-http] GET http://doc.internal:41065/start
[lethe-http][doh] doc.internal -> 127.0.0.1
[lethe-http] GET http://doc.internal:41065/final
[lethe-http][doh] doc.internal -> 127.0.0.1 (cached)
[lethe-llm] Read page: Final Document (26 chars)
[lethe] Shutting down components...
[lethe] HTTP client shut down
[lethe] Shut down renderer
[lethe] Engine shut down
  [PASS] E2E_BridgeNavigation_RedirectUpdatesTabUrlAndHistory
[lethe] Applying Linux sandbox (seccomp-bpf, default-deny)...
[lethe] Seccomp allowlist active (103 syscalls permitted)
[lethe] Initializing security policies...
[lethe] Security policies initialized (CSP, sandboxing)
[lethe] Initializing network stack...
[lethe] HTTP client initialized (TLS 772+)
[lethe-http][doh] provider configured: http://127.0.0.1:35893/dns-query
[lethe] Network stack initialized (TLS 772+, DoH: on, UA: standard, cookies: partitioned, HSTS: enforced, private-net: isolated, pins: 0)
[lethe] Initializing built-in VPN...
[lethe] VPN tunnel attached to HTTP client
[lethe] Built-in VPN initialized (disabled by default)
[lethe] Initializing renderer...
[lethe] Initializing hardware renderer (Skia GPU pipeline)
[lethe] Renderer initialized
[lethe] Initializing browser state...
[lethe] Browser state initialized
[lethe] Engine v1.0.0 initialized
[lethe-llm] Search service initialized (VPN: on)
[aletheia] Lethe bridge initialized with LLM search
[lethe] Tab 1 navigating to http://doc.internal:35893/one
[lethe-llm] Reading page: http://doc.internal:35893/one
[lethe-http] GET http://doc.internal:35893/one
[lethe-http][doh] doc.internal -> 127.0.0.1
[lethe-llm] Read page: First Document (28 chars)
[aletheia] Opened URL: http://doc.internal:35893/one (loaded) (tab 1)
[lethe] Tab 3 navigating to http://doc.internal:35893/two
[lethe-llm] Reading page: http://doc.internal:35893/two
[lethe-http] GET http://doc.internal:35893/two
[lethe-http][doh] doc.internal -> 127.0.0.1 (cached)
[lethe-llm] Read page: Second Document (28 chars)
[aletheia] Opened URL: http://doc.internal:35893/two (loaded) (tab 3)
[lethe] Shutting down components...
[lethe] HTTP client shut down
[lethe] Shut down renderer
[lethe] Engine shut down
  [PASS] E2E_BridgeOpenUrl_MultiTabLoadsAreIndependent
[lethe] Applying Linux sandbox (seccomp-bpf, default-deny)...
[lethe] Seccomp allowlist active (103 syscalls permitted)
[lethe] Initializing security policies...
[lethe] Security policies initialized (CSP, sandboxing)
[lethe] Initializing network stack...
[lethe] HTTP client initialized (TLS 772+)
[lethe-http][doh] provider configured: http://127.0.0.1:46147/dns-query
[lethe] Network stack initialized (TLS 772+, DoH: on, UA: standard, cookies: partitioned, HSTS: enforced, private-net: isolated, pins: 0)
[lethe] Initializing built-in VPN...
[lethe] VPN tunnel attached to HTTP client
[lethe] Built-in VPN initialized (disabled by default)
[lethe] Initializing renderer...
[lethe] Initializing hardware renderer (Skia GPU pipeline)
[lethe] Renderer initialized
[lethe] Initializing browser state...
[lethe] Browser state initialized
[lethe] Engine v1.0.0 initialized
[lethe-llm] Search service initialized (VPN: on)
[aletheia] Lethe bridge initialized with LLM search
[lethe] Tab 1 navigating to http://doc.internal:46147/a
[lethe-llm] Reading page: http://doc.internal:46147/a
[lethe-http] GET http://doc.internal:46147/a
[lethe-http][doh] doc.internal -> 127.0.0.1
[lethe-llm] Read page: a Document (20 chars)
[aletheia] Opened URL: http://doc.internal:46147/a (loaded) (tab 1)
[lethe] Tab 1 navigating to http://doc.internal:46147/b
[lethe-llm] Reading page: http://doc.internal:46147/b
[lethe-http] GET http://doc.internal:46147/b
[lethe-http][doh] doc.internal -> 127.0.0.1 (cached)
[lethe-llm] Read page: b Document (20 chars)
[lethe] Tab 1 navigating to http://doc.internal:46147/c
[lethe-llm] Reading page: http://doc.internal:46147/c
[lethe-http] GET http://doc.internal:46147/c
[lethe-http][doh] doc.internal -> 127.0.0.1 (cached)
[lethe-llm] Read page: c Document (20 chars)
[lethe] Tab 1 navigating to http://doc.internal:46147/b
[lethe-llm] Reading page: http://doc.internal:46147/b
[lethe-http] GET http://doc.internal:46147/b
[lethe-http][doh] doc.internal -> 127.0.0.1 (cached)
[lethe-llm] Read page: b Document (20 chars)
[lethe] Tab 1 navigating to http://doc.internal:46147/a
[lethe-llm] Reading page: http://doc.internal:46147/a
[lethe-http] GET http://doc.internal:46147/a
[lethe-http][doh] doc.internal -> 127.0.0.1 (cached)
[lethe-llm] Read page: a Document (20 chars)
[lethe] Tab 1 navigating to http://doc.internal:46147/b
[lethe-llm] Reading page: http://doc.internal:46147/b
[lethe-http] GET http://doc.internal:46147/b
[lethe-http][doh] doc.internal -> 127.0.0.1 (cached)
[lethe-llm] Read page: b Document (20 chars)
[lethe] Tab 1 navigating to http://doc.internal:46147/c
[lethe-llm] Reading page: http://doc.internal:46147/c
[lethe-http] GET http://doc.internal:46147/c
[lethe-http][doh] doc.internal -> 127.0.0.1 (cached)
[lethe-llm] Read page: c Document (20 chars)
[lethe] Tab 1 navigating to http://doc.internal:46147/b
[lethe-llm] Reading page: http://doc.internal:46147/b
[lethe-http] GET http://doc.internal:46147/b
[lethe-http][doh] doc.internal -> 127.0.0.1 (cached)
[lethe-llm] Read page: b Document (20 chars)
[lethe] Tab 1 navigating to http://doc.internal:46147/d
[lethe-llm] Reading page: http://doc.internal:46147/d
[lethe-http] GET http://doc.internal:46147/d
[lethe-http][doh] doc.internal -> 127.0.0.1 (cached)
[lethe-llm] Read page: d Document (20 chars)
[lethe] Shutting down components...
[lethe] HTTP client shut down
[lethe] Shut down renderer
[lethe] Engine shut down
  [PASS] E2E_BridgeNavigation_BackForwardThroughFullStack
[lethe-vpn-server] Configured (public key: 0dba012207e4334384b1ec85aa18f83e615d9e8302e33db56edf2ee043e2c523)
[lethe-vpn-server] Listening on 127.0.0.1:44519
[lethe] Applying Linux sandbox (seccomp-bpf, default-deny)...
[lethe] Seccomp allowlist active (103 syscalls permitted)
[lethe] Initializing security policies...
[lethe] Security policies initialized (CSP, sandboxing)
[lethe] Initializing network stack...
[lethe] HTTP client initialized (TLS 772+)
[lethe-http][doh] provider configured: http://127.0.0.1:43471/dns-query
[lethe] Network stack initialized (TLS 772+, DoH: on, UA: standard, cookies: partitioned, HSTS: enforced, private-net: isolated, pins: 0)
[lethe] Initializing built-in VPN...
[lethe] VPN tunnel attached to HTTP client
[lethe] Built-in VPN initialized (disabled by default)
[lethe] Initializing renderer...
[lethe] Initializing hardware renderer (Skia GPU pipeline)
[lethe] Renderer initialized
[lethe] Initializing browser state...
[lethe] Browser state initialized
[lethe] Engine v1.0.0 initialized
[lethe-llm] Search service initialized (VPN: on)
[aletheia] Lethe bridge initialized with LLM search
[lethe-vpn] Client tunnel configured for 127.0.0.1:44519
[lethe-vpn] Server tunnel configured
[lethe-vpn] Server handshake complete, tunnel connected
[lethe-vpn-server] Client connected: 749be908f247492c86b4271e7092f71f89fe6ac6ccbf2183da7a5e0116db4339 (127.0.0.1:47501)
[lethe-vpn] Handshake complete, tunnel connected
[lethe-vpn] Session established with 127.0.0.1:44519
[lethe] Tab 1 navigating to http://doc.internal:43471/a
[lethe-llm] Reading page: http://doc.internal:43471/a
[lethe-http] GET http://doc.internal:43471/a
[lethe-http][doh] doc.internal -> 127.0.0.1
[lethe-http] Routing doc.internal:43471 through the encrypted tunnel
[lethe-llm] Read page: Alpha (16 chars)
[lethe] Tab 1 navigating to http://doc.internal:43471/b
[lethe-llm] Reading page: http://doc.internal:43471/b
[lethe-http] GET http://doc.internal:43471/b
[lethe-http][doh] doc.internal -> 127.0.0.1 (cached)
[lethe-http] Routing doc.internal:43471 through the encrypted tunnel
[lethe-llm] Read page: Beta (14 chars)
[lethe-vpn] Client tunnel configured for 127.0.0.1:1
[lethe-vpn] No handshake response from 127.0.0.1:1
[lethe-vpn] Endpoint not reachable yet; will retry
[lethe] Tab 1 navigating to http://doc.internal:43471/a
[lethe-llm] Reading page: http://doc.internal:43471/a
[lethe-http] GET http://doc.internal:43471/a
[lethe-http][doh] doc.internal -> 127.0.0.1 (cached)
[lethe-http] Blocked: doc.internal (127.0.0.1) requires the VPN tunnel (allowed CIDR match) but the tunnel is down
[lethe-llm] Page read failed: Blocked: doc.internal (127.0.0.1) requires the VPN tunnel (allowed CIDR match) but the tunnel is down
[aletheia] Navigation blocked or failed: Blocked: doc.internal (127.0.0.1) requires the VPN tunnel (allowed CIDR match) but the tunnel is down
[lethe-vpn] Client tunnel configured for 127.0.0.1:44519
[lethe-vpn] Server tunnel configured
[lethe-vpn] Server handshake complete, tunnel connected
[lethe-vpn-server] Client connected: d4404c5a1549db8c46dece782f081ede4e93c4e4e74f173cdbbb58b5145eebd2 (127.0.0.1:47501)
[lethe-vpn] Handshake complete, tunnel connected
[lethe-vpn] Session established with 127.0.0.1:44519
[lethe] Tab 1 navigating to http://doc.internal:43471/a
[lethe-llm] Reading page: http://doc.internal:43471/a
[lethe-http] GET http://doc.internal:43471/a
[lethe-http][doh] doc.internal -> 127.0.0.1 (cached)
[lethe-http] Routing doc.internal:43471 through the encrypted tunnel
[lethe-llm] Read page: Alpha (16 chars)
[lethe] Shutting down components...
[lethe] HTTP client shut down
[lethe] Shut down renderer
[lethe] Engine shut down
  [PASS] E2E_BridgeNavigation_BackBlockedWhenTunnelDown_FailClosed
[lethe-vpn-server] Configured (public key: 44606afa4046208ed58416c0304b9477761781da1a3feb50579f65eec70d4e73)
[lethe-vpn-server] Listening on 127.0.0.1:59982
[lethe] Applying Linux sandbox (seccomp-bpf, default-deny)...
[lethe] Seccomp allowlist active (103 syscalls permitted)
[lethe] Initializing security policies...
[lethe] Security policies initialized (CSP, sandboxing)
[lethe] Initializing network stack...
[lethe] HTTP client initialized (TLS 772+)
[lethe-http][doh] provider configured: http://127.0.0.1:45977/dns-query
[lethe] Network stack initialized (TLS 772+, DoH: on, UA: standard, cookies: partitioned, HSTS: enforced, private-net: isolated, pins: 0)
[lethe] Initializing built-in VPN...
[lethe] VPN tunnel attached to HTTP client
[lethe] Built-in VPN initialized (disabled by default)
[lethe] Initializing renderer...
[lethe] Initializing hardware renderer (Skia GPU pipeline)
[lethe] Renderer initialized
[lethe] Initializing browser state...
[lethe] Browser state initialized
[lethe] Engine v1.0.0 initialized
[lethe-llm] Search service initialized (VPN: on)
[aletheia] Lethe bridge initialized with LLM search
[lethe-vpn] Client tunnel configured for 127.0.0.1:59982
[lethe-vpn] Server tunnel configured
[lethe-vpn] Server handshake complete, tunnel connected
[lethe-vpn-server] Client connected: 2cf48dfcfb902f695f1e8410da37e203aede1a8cbfcacf34ffe397ae983043a9 (127.0.0.1:50592)
[lethe-vpn] Handshake complete, tunnel connected
[lethe-vpn] Session established with 127.0.0.1:59982
[lethe] Tab 1 navigating to http://doc.internal:34755/
[lethe-llm] Reading page: http://doc.internal:34755/
[lethe-http] GET http://doc.internal:34755/
[lethe-http][doh] doc.internal -> 127.0.0.1
[lethe-http] Routing doc.internal:34755 through the encrypted tunnel
[lethe-llm] Read page: Tunneled Page (39 chars)
[lethe] Tab 1 navigating to http://doc.internal:34755/second
[lethe-llm] Reading page: http://doc.internal:34755/second
[lethe-http] GET http://doc.internal:34755/second
[lethe-http][doh] doc.internal -> 127.0.0.1 (cached)
[lethe-http] Routing doc.internal:34755 through the encrypted tunnel
[lethe-llm] Page read failed: Failed to write request to doc.internal
[aletheia] Navigation blocked or failed: Failed to write request to doc.internal
[lethe-llm] Reading page: http://doc.internal:34755/second
[lethe-http] GET http://doc.internal:34755/second
[lethe-http][doh] doc.internal -> 127.0.0.1 (cached)
[lethe-http] Routing doc.internal:34755 through the encrypted tunnel
[lethe-llm] Page read failed: Failed to write request to doc.internal
[lethe] Shutting down components...
[lethe] HTTP client shut down
[lethe] Shut down renderer
[lethe] Engine shut down
  [PASS] E2E_BridgeNavigate_HttpTunneledThroughVpnRelay
[lethe-vpn-server] Configured (public key: f5d6ef5c621d0d1ccbf0bbd898ce8a29c3173e2297373eaeb3809deee0030e07)
[lethe-vpn-server] Listening on 127.0.0.1:33316
[lethe] Applying Linux sandbox (seccomp-bpf, default-deny)...
[lethe] Seccomp allowlist active (103 syscalls permitted)
[lethe] Initializing security policies...
[lethe] Security policies initialized (CSP, sandboxing)
[lethe] Initializing network stack...
[lethe] HTTP client initialized (TLS 772+)
[lethe-http][doh] provider configured: http://127.0.0.1:39055/dns-query
[lethe] Network stack initialized (TLS 772+, DoH: on, UA: standard, cookies: partitioned, HSTS: enforced, private-net: isolated, pins: 0)
[lethe] Initializing built-in VPN...
[lethe] VPN tunnel attached to HTTP client
[lethe] Built-in VPN initialized (disabled by default)
[lethe] Initializing renderer...
[lethe] Initializing hardware renderer (Skia GPU pipeline)
[lethe] Renderer initialized
[lethe] Initializing browser state...
[lethe] Browser state initialized
[lethe] Engine v1.0.0 initialized
[lethe-llm] Search service initialized (VPN: on)
[aletheia] Lethe bridge initialized with LLM search
[lethe-vpn] Client tunnel configured for 127.0.0.1:33316
[lethe-vpn] Server tunnel configured
[lethe-vpn] Server handshake complete, tunnel connected
[lethe-vpn-server] Client connected: 6d355cd92343f5b81501968e27ccdd41d8b69b1f8f36bd3a22361407b284a317 (127.0.0.1:56818)
[lethe-vpn] Handshake complete, tunnel connected
[lethe-vpn] Session established with 127.0.0.1:33316
[lethe] Tab 1 navigating to https://doc.internal:40863/secure
[lethe-llm] Reading page: https://doc.internal:40863/secure
[lethe-http] GET https://doc.internal:40863/secure
[lethe-http][doh] doc.internal -> 127.0.0.1
[lethe-http] Routing doc.internal:40863 through the encrypted tunnel
[lethe-http] TLS established over tunnel with doc.internal (TLSv1.3)
[lethe-llm] Read page: Tunneled Secure Page (41 chars)
[lethe] Shutting down components...
[lethe] HTTP client shut down
[lethe] Shut down renderer
[lethe] Engine shut down
  [PASS] E2E_BridgeNavigate_HttpsTunneledThroughVpnRelay
[lethe] Applying Linux sandbox (seccomp-bpf, default-deny)...
[lethe] Seccomp allowlist active (103 syscalls permitted)
[lethe] Initializing security policies...
[lethe] Security policies initialized (CSP, sandboxing)
[lethe] Initializing network stack...
[lethe] HTTP client initialized (TLS 772+)
[lethe-http][doh] provider configured: http://127.0.0.1:37341/dns-query
[lethe] Network stack initialized (TLS 772+, DoH: on, UA: standard, cookies: partitioned, HSTS: enforced, private-net: isolated, pins: 0)
[lethe] Initializing built-in VPN...
[lethe] VPN tunnel attached to HTTP client
[lethe] Built-in VPN initialized (disabled by default)
[lethe] Initializing renderer...
[lethe] Initializing hardware renderer (Skia GPU pipeline)
[lethe] Renderer initialized
[lethe] Initializing browser state...
[lethe] Browser state initialized
[lethe] Engine v1.0.0 initialized
[lethe-llm] Search service initialized (VPN: on)
[aletheia] Lethe bridge initialized with LLM search
[lethe] Tab 1 navigating to http://doc.internal:37341/a
[lethe-llm] Reading page: http://doc.internal:37341/a
[lethe-http] GET http://doc.internal:37341/a
[lethe-http][doh] doc.internal -> 127.0.0.1
[lethe-llm] Read page: a Document (20 chars)
[aletheia] Opened URL: http://doc.internal:37341/a (loaded) (tab 1)
[lethe] Tab 1 navigating to http://doc.internal:37341/b
[lethe-llm] Reading page: http://doc.internal:37341/b
[lethe-http] GET http://doc.internal:37341/b
[lethe-http][doh] doc.internal -> 127.0.0.1 (cached)
[lethe-llm] Read page: b Document (20 chars)
[lethe] Tab 3 navigating to http://doc.internal:37341/c
[lethe-llm] Reading page: http://doc.internal:37341/c
[lethe-http] GET http://doc.internal:37341/c
[lethe-http][doh] doc.internal -> 127.0.0.1 (cached)
[lethe-llm] Read page: c Document (20 chars)
[aletheia] Opened URL: http://doc.internal:37341/c (loaded) (tab 3)
[lethe] Tab 1 navigating to http://doc.internal:37341/a
[lethe-llm] Reading page: http://doc.internal:37341/a
[lethe-http] GET http://doc.internal:37341/a
[lethe-http][doh] doc.internal -> 127.0.0.1 (cached)
[lethe-llm] Read page: a Document (20 chars)
[lethe] Shutting down components...
[lethe] HTTP client shut down
[lethe] Shut down renderer
[lethe] Engine shut down
  [PASS] E2E_BridgeNavigation_HistoryIsolatedAcrossTabs
[lethe] Applying Linux sandbox (seccomp-bpf, default-deny)...
[lethe] Seccomp allowlist active (103 syscalls permitted)
[lethe] Initializing security policies...
[lethe] Security policies initialized (CSP, sandboxing)
[lethe] Initializing network stack...
[lethe] HTTP client initialized (TLS 772+)
[lethe-http][doh] provider configured: http://127.0.0.1:38363/dns-query
[lethe] Network stack initialized (TLS 772+, DoH: on, UA: standard, cookies: partitioned, HSTS: enforced, private-net: isolated, pins: 0)
[lethe] Initializing built-in VPN...
[lethe] VPN tunnel attached to HTTP client
[lethe] Built-in VPN initialized (disabled by default)
[lethe] Initializing renderer...
[lethe] Initializing hardware renderer (Skia GPU pipeline)
[lethe] Renderer initialized
[lethe] Initializing browser state...
[lethe] Browser state initialized
[lethe] Engine v1.0.0 initialized
[lethe-llm] Search service initialized (VPN: on)
[aletheia] Lethe bridge initialized with LLM search
[lethe] Tab 1 navigating to https://doc.internal:41313/secure
[lethe-llm] Reading page: https://doc.internal:41313/secure
[lethe-http] GET https://doc.internal:41313/secure
[lethe-http][doh] doc.internal -> 127.0.0.1
[lethe-http] TLS established with doc.internal (TLSv1.3)
[lethe-llm] Read page: Secure Document (36 chars)
[lethe] Shutting down components...
[lethe] HTTP client shut down
[lethe] Shut down renderer
[lethe] Engine shut down
  [PASS] E2E_BridgeNavigate_HttpsThroughEngineCaBundle
[lethe] Applying Linux sandbox (seccomp-bpf, default-deny)...
[lethe] Seccomp allowlist active (103 syscalls permitted)
[lethe] Initializing security policies...
[lethe] Security policies initialized (CSP, sandboxing)
[lethe] Initializing network stack...
[lethe] HTTP client initialized (TLS 772+)
[lethe-http][doh] provider configured: http://127.0.0.1:38553/dns-query
[lethe] Network stack initialized (TLS 772+, DoH: on, UA: standard, cookies: partitioned, HSTS: enforced, private-net: isolated, pins: 0)
[lethe] Initializing built-in VPN...
[lethe] VPN tunnel attached to HTTP client
[lethe] Built-in VPN initialized (disabled by default)
[lethe] Initializing renderer...
[lethe] Initializing hardware renderer (Skia GPU pipeline)
[lethe] Renderer initialized
[lethe] Initializing browser state...
[lethe] Browser state initialized
[lethe] Engine v1.0.0 initialized
[lethe-llm] Search service initialized (VPN: on)
[aletheia] Lethe bridge initialized with LLM search
[lethe] Tab 1 navigating to http://doc.internal:38553/
[lethe-llm] Reading page: http://doc.internal:38553/
[lethe-http] GET http://doc.internal:38553/
[lethe-http][doh] doc.internal -> 127.0.0.1
[lethe-llm] Read page: Deep Document (73 chars)
[aletheia] Opened URL: http://doc.internal:38553/ (loaded) (tab 1)
[lethe] Shutting down components...
[lethe] HTTP client shut down
[lethe] Shut down renderer
[lethe] Engine shut down
  [PASS] E2E_BridgeNavigation_IncognitoRecordsNothing
[lethe] HTTP client initialized (TLS 772+)
[lethe-http][doh] provider configured: http://127.0.0.1:43519/dns-query
[lethe-http] GET http://web.internal:43519/page
[lethe-http][doh] web.internal -> 127.0.0.1
[lethe] HTTP client shut down
  [PASS] Doh_EndToEnd_HostnameResolvedViaMockProvider
[lethe] HTTP client initialized (TLS 772+)
[lethe-http][doh] provider configured: http://127.0.0.1:1/dns-query
[lethe-http] GET http://secret.internal:9/
[lethe-http][doh] Blocked: secure DNS (DoH) lookup failed for secret.internal
[lethe] HTTP client shut down
  [PASS] Doh_FailClosed_WhenProviderDead
[lethe] HTTP client initialized (TLS 772+)
[lethe-http][doh] provider configured: http://127.0.0.1:1/dns-query
[lethe-http] GET http://127.0.0.1:43303/
[lethe] HTTP client shut down
  [PASS] Doh_IpLiteral_SkipsResolution
[lethe] HTTP client initialized (TLS 772+)
[lethe-http] GET http://127.0.0.1:34815/
[lethe] HTTP client shut down
  [PASS] Doh_DisabledByDefault_UsesSystemResolution
  [PASS] CSPPolicy_StrictPolicyString
  [PASS] CSPPolicy_ExecutionRules
  [PASS] CSPPolicy_ResourceMatching_WithOrigin
  [PASS] CSPPolicy_Originless_SelfFailsClosed
  [PASS] CSPPolicy_EmptyPolicyDeniesByDefault
  [PASS] CookieJar_TopLevelSiteFor
  [PASS] CookieJar_BasicStoreAndSend
  [PASS] CookieJar_PartitionIsolation
  [PASS] CookieJar_HostOnlyExactMatch
  [PASS] CookieJar_DomainAttrSubdomains
  [PASS] CookieJar_ForeignDomainRejected
  [PASS] CookieJar_SecureHttpsOnly
  [PASS] CookieJar_PathScoping
  [PASS] CookieJar_MaxAgeZeroDeletes
  [PASS] CookieJar_ExpiresPastDateDeletesAndBlocks
  [PASS] CookieJar_ReplaceSameCookie
  [PASS] CookieJar_PurgeClearsAllPartitions
  [PASS] CookieJar_CapacityBounded
[lethe] HTTP client initialized (TLS 772+)
[lethe-http] GET http://127.0.0.1:40787/landing
[lethe-http] GET http://127.0.0.1:40787/return
[lethe-http] GET http://127.0.0.1:40787/embedded
[lethe] HTTP client shut down
  [PASS] HttpClient_CookieRoundTripAndPartitioning
[lethe] HTTP client initialized (TLS 772+)
[lethe-http] GET http://127.0.0.1:39527/
[lethe] HTTP client shut down
  [PASS] HttpClient_ExplicitCookieHeaderWins
  [PASS] CookieJar_SameSiteNoneRequiresSecure
  [PASS] CookieJar_SameSiteValueParsing
  [PASS] CookieJar_SameSiteStrictNeverCrossesSites
  [PASS] CookieJar_LaxCrossSiteMatrix
  [PASS] CookieJar_UnspecifiedEnforcedAsLax
  [PASS] CookieJar_SecureNamePrefixRules
  [PASS] CookieJar_HostNamePrefixRules
[lethe] HTTP client initialized (TLS 772+)
[lethe-http] GET http://127.0.0.1:44757/set
[lethe-http] GET http://127.0.0.1:44757/check
[lethe-http] GET http://127.0.0.1:44757/check
[lethe-http] REQ http://127.0.0.1:44757/check
[lethe-http] GET http://127.0.0.1:44757/check
[lethe] HTTP client shut down
  [PASS] HttpClient_SameSiteWireEnforcement
[lethe] HTTP client initialized (TLS 772+)
[lethe-http][doh] provider configured: http://127.0.0.1:43515/dns-query
[lethe-http] GET https://pin-a.test:36361/
[lethe-http][doh] pin-a.test -> 127.0.0.1
[lethe-http] Certificate pin verified for pin-a.test
[lethe-http] TLS established with pin-a.test (TLSv1.3)
[lethe] HTTP client shut down
  [PASS] CertPin_E2E_CorrectLeafPinAllowsVerifiedTls
[lethe] HTTP client initialized (TLS 772+)
[lethe-http][doh] provider configured: http://127.0.0.1:46165/dns-query
[lethe-http] GET https://pin-a.test:45747/secret
[lethe-http][doh] pin-a.test -> 127.0.0.1
[lethe-http] Blocked: certificate pin mismatch for pin-a.test (no pinned SPKI found in the peer chain)
[lethe] HTTP client shut down
  [PASS] CertPin_E2E_WrongPinFailsClosedBeforeRequest
[lethe] HTTP client initialized (TLS 772+)
[lethe-http][doh] provider configured: http://127.0.0.1:33699/dns-query
[lethe-http] GET https://pin-a.test:41467/
[lethe-http][doh] pin-a.test -> 127.0.0.1
[lethe-http] TLS established with pin-a.test (TLSv1.3)
[lethe] HTTP client shut down
  [PASS] CertPin_E2E_UnpinnedHostKeepsWorking
[lethe] HTTP client initialized (TLS 772+)
[lethe-http][doh] provider configured: http://127.0.0.1:38885/dns-query
[lethe-http] GET https://pin-a.test:45927/
[lethe-http][doh] pin-a.test -> 127.0.0.1
[lethe-http] Certificate pin verified for pin-a.test
[lethe-http] TLS established with pin-a.test (TLSv1.3)
[lethe] HTTP client shut down
  [PASS] CertPin_E2E_AnyOfMultiplePinsSatisfies
[lethe] HTTP client initialized (TLS 772+)
[lethe-http][doh] provider configured: http://127.0.0.1:32791/dns-query
[lethe-http] GET https://pin-a.test:34499/jump
[lethe-http][doh] pin-a.test -> 127.0.0.1
[lethe-http] Certificate pin verified for pin-a.test
[lethe-http] TLS established with pin-a.test (TLSv1.3)
[lethe-http] GET https://pin-b.test:35011/final
[lethe-http][doh] pin-b.test -> 127.0.0.1
[lethe-http] Blocked: certificate pin mismatch for pin-b.test (no pinned SPKI found in the peer chain)
[lethe] HTTP client shut down
  [PASS] CertPin_E2E_RedirectHopRePinnedFailsClosed
[lethe] HTTP client initialized (TLS 772+)
[lethe-http][doh] provider configured: http://127.0.0.1:40057/dns-query
[lethe-http] GET https://pin-a.test:40453/jump
[lethe-http][doh] pin-a.test -> 127.0.0.1
[lethe-http] Certificate pin verified for pin-a.test
[lethe-http] TLS established with pin-a.test (TLSv1.3)
[lethe-http] GET https://pin-b.test:44151/final
[lethe-http][doh] pin-b.test -> 127.0.0.1
[lethe-http] Certificate pin verified for pin-b.test
[lethe-http] TLS established with pin-b.test (TLSv1.3)
[lethe] HTTP client shut down
  [PASS] CertPin_E2E_RedirectWithBothHostsCorrectlyPinnedSucceeds
  [PASS] CertPin_FormatParseRoundTrip
  [PASS] CertPin_ParseAcceptsUnpaddedAndPaddedBase64
  [PASS] CertPin_ParseRejectsMalformed
  [PASS] CertPin_HostMatchingIsCaseInsensitiveAndExact
  [PASS] CertPin_MultiplePinsUseOrSemantics
  [PASS] CertPin_AddPinRejectsGarbageWithoutStoring
[lethe] Applying Linux sandbox (seccomp-bpf, default-deny)...
[lethe] Seccomp allowlist active (103 syscalls permitted)
[lethe] Initializing security policies...
[lethe] Security policies initialized (CSP, sandboxing)
[lethe] Initializing network stack...
[lethe] HTTP client initialized (TLS 772+)
[lethe-http][doh] provider configured: https://cloudflare-dns.com/dns-query
[lethe] Network stack initialized (TLS 772+, DoH: on, UA: standard, cookies: partitioned, HSTS: enforced, private-net: isolated, pins: 0)
[lethe] Initializing built-in VPN...
[lethe] VPN tunnel attached to HTTP client
[lethe] Built-in VPN initialized (disabled by default)
[lethe] Initializing renderer...
[lethe] Initializing hardware renderer (Skia GPU pipeline)
[lethe] Renderer initialized
[lethe] Initializing browser state...
[lethe] Browser state initialized
[lethe] Engine v1.0.0 initialized
[lethe-llm] Search service initialized (VPN: on)
[aletheia] Lethe bridge initialized with LLM search
[lethe] Shutting down components...
[lethe] HTTP client shut down
[lethe] Shut down renderer
[lethe] Engine shut down
  [PASS] AletheiaBridge_Initialize
[lethe] Applying Linux sandbox (seccomp-bpf, default-deny)...
[lethe] Seccomp allowlist active (103 syscalls permitted)
[lethe] Initializing security policies...
[lethe] Security policies initialized (CSP, sandboxing)
[lethe] Initializing network stack...
[lethe] HTTP client initialized (TLS 772+)
[lethe-http][doh] provider configured: https://cloudflare-dns.com/dns-query
[lethe] Network stack initialized (TLS 772+, DoH: on, UA: standard, cookies: partitioned, HSTS: enforced, private-net: isolated, pins: 0)
[lethe] Initializing built-in VPN...
[lethe] VPN tunnel attached to HTTP client
[lethe] Built-in VPN initialized (disabled by default)
[lethe] Initializing renderer...
[lethe] Initializing hardware renderer (Skia GPU pipeline)
[lethe] Renderer initialized
[lethe] Initializing browser state...
[lethe] Browser state initialized
[lethe] Engine v1.0.0 initialized
[lethe-llm] Search service initialized (VPN: on)
[aletheia] Lethe bridge initialized with LLM search
[lethe] Tab 1 navigating to https://aletheia.os
[lethe-llm] Reading page: https://aletheia.os
[lethe-http] GET https://aletheia.os
[lethe-http][doh] cannot resolve provider cloudflare-dns.com
[lethe-http][doh] Blocked: secure DNS (DoH) lookup failed for aletheia.os
[lethe-llm] Page read failed: Blocked: secure DNS (DoH) lookup failed for aletheia.os
[aletheia] Navigation blocked or failed: Blocked: secure DNS (DoH) lookup failed for aletheia.os
[aletheia] Opened URL: https://aletheia.os (load blocked) (tab 1)
[lethe] Shutting down components...
[lethe] HTTP client shut down
[lethe] Shut down renderer
[lethe] Engine shut down
  [PASS] AletheiaBridge_OpenUrl
[lethe] Applying Linux sandbox (seccomp-bpf, default-deny)...
[lethe] Seccomp allowlist active (103 syscalls permitted)
[lethe] Initializing security policies...
[lethe] Security policies initialized (CSP, sandboxing)
[lethe] Initializing network stack...
[lethe] HTTP client initialized (TLS 772+)
[lethe-http][doh] provider configured: https://cloudflare-dns.com/dns-query
[lethe] Network stack initialized (TLS 772+, DoH: on, UA: standard, cookies: partitioned, HSTS: enforced, private-net: isolated, pins: 0)
[lethe] Initializing built-in VPN...
[lethe] VPN tunnel attached to HTTP client
[lethe] Built-in VPN initialized (disabled by default)
[lethe] Initializing renderer...
[lethe] Initializing hardware renderer (Skia GPU pipeline)
[lethe] Renderer initialized
[lethe] Initializing browser state...
[lethe] Browser state initialized
[lethe] Engine v1.0.0 initialized
[lethe-llm] Search service initialized (VPN: on)
[aletheia] Lethe bridge initialized with LLM search
[lethe] Tab 1 navigating to https://aletheia.os
[lethe-llm] Reading page: https://aletheia.os
[lethe-http] GET https://aletheia.os
[lethe-http][doh] cannot resolve provider cloudflare-dns.com
[lethe-http][doh] Blocked: secure DNS (DoH) lookup failed for aletheia.os
[lethe-llm] Page read failed: Blocked: secure DNS (DoH) lookup failed for aletheia.os
[aletheia] Navigation blocked or failed: Blocked: secure DNS (DoH) lookup failed for aletheia.os
[aletheia] Opened URL: https://aletheia.os (load blocked) (tab 1)
[lethe] Tab 1 navigating to https://example.com
[lethe-llm] Reading page: https://example.com
[lethe-http] GET https://example.com
[lethe-http][doh] cannot resolve provider cloudflare-dns.com
[lethe-http][doh] Blocked: secure DNS (DoH) lookup failed for example.com
[lethe-llm] Page read failed: Blocked: secure DNS (DoH) lookup failed for example.com
[aletheia] Navigation blocked or failed: Blocked: secure DNS (DoH) lookup failed for example.com
[lethe] Shutting down components...
[lethe] HTTP client shut down
[lethe] Shut down renderer
[lethe] Engine shut down
  [PASS] AletheiaBridge_Navigate
[lethe] Applying Linux sandbox (seccomp-bpf, default-deny)...
[lethe] Seccomp allowlist active (103 syscalls permitted)
[lethe] Initializing security policies...
[lethe] Security policies initialized (CSP, sandboxing)
[lethe] Initializing network stack...
[lethe] HTTP client initialized (TLS 772+)
[lethe-http][doh] provider configured: https://cloudflare-dns.com/dns-query
[lethe] Network stack initialized (TLS 772+, DoH: on, UA: standard, cookies: partitioned, HSTS: enforced, private-net: isolated, pins: 0)
[lethe] Initializing built-in VPN...
[lethe] VPN tunnel attached to HTTP client
[lethe] Built-in VPN initialized (disabled by default)
[lethe] Initializing renderer...
[lethe] Initializing hardware renderer (Skia GPU pipeline)
[lethe] Renderer initialized
[lethe] Initializing browser state...
[lethe] Browser state initialized
[lethe] Engine v1.0.0 initialized
[lethe-llm] Search service initialized (VPN: on)
[aletheia] Lethe bridge initialized with LLM search
[lethe] Tab 3 navigating to https://newtab.com
[lethe-llm] Reading page: https://newtab.com
[lethe-http] GET https://newtab.com
[lethe-http][doh] cannot resolve provider cloudflare-dns.com
[lethe-http][doh] Blocked: secure DNS (DoH) lookup failed for newtab.com
[lethe-llm] Page read failed: Blocked: secure DNS (DoH) lookup failed for newtab.com
[aletheia] Navigation blocked or failed: Blocked: secure DNS (DoH) lookup failed for newtab.com
[aletheia] Opened URL: https://newtab.com (load blocked) (tab 3)
[lethe] Shutting down components...
[lethe] HTTP client shut down
[lethe] Shut down renderer
[lethe] Engine shut down
  [PASS] AletheiaBridge_OpenNewTab
[lethe] Applying Linux sandbox (seccomp-bpf, default-deny)...
[lethe] Seccomp allowlist active (103 syscalls permitted)
[lethe] Initializing security policies...
[lethe] Security policies initialized (CSP, sandboxing)
[lethe] Initializing network stack...
[lethe] HTTP client initialized (TLS 772+)
[lethe-http][doh] provider configured: https://cloudflare-dns.com/dns-query
[lethe] Network stack initialized (TLS 772+, DoH: on, UA: standard, cookies: partitioned, HSTS: enforced, private-net: isolated, pins: 0)
[lethe] Initializing built-in VPN...
[lethe] VPN tunnel attached to HTTP client
[lethe] Built-in VPN initialized (disabled by default)
[lethe] Initializing renderer...
[lethe] Initializing hardware renderer (Skia GPU pipeline)
[lethe] Renderer initialized
[lethe] Initializing browser state...
[lethe] Browser state initialized
[lethe] Engine v1.0.0 initialized
[lethe-llm] Search service initialized (VPN: on)
[aletheia] Lethe bridge initialized with LLM search
[lethe-vpn] Client tunnel configured for vpn.aletheia.os:51820
[lethe-vpn] No handshake response from vpn.aletheia.os:51820
[lethe-vpn] Endpoint not reachable yet; will retry
[aletheia] Built-in VPN enabled
[lethe-vpn] VPN disabled
[lethe] Shutting down components...
[lethe] HTTP client shut down
[lethe] Shut down renderer
[lethe] Engine shut down
  [PASS] AletheiaBridge_VpnControl
[lethe] Applying Linux sandbox (seccomp-bpf, default-deny)...
[lethe] Seccomp allowlist active (103 syscalls permitted)
[lethe] Initializing security policies...
[lethe] Security policies initialized (CSP, sandboxing)
[lethe] Initializing network stack...
[lethe] HTTP client initialized (TLS 772+)
[lethe-http][doh] provider configured: https://cloudflare-dns.com/dns-query
[lethe] Network stack initialized (TLS 772+, DoH: on, UA: standard, cookies: partitioned, HSTS: enforced, private-net: isolated, pins: 0)
[lethe] Initializing built-in VPN...
[lethe] VPN tunnel attached to HTTP client
[lethe] Built-in VPN initialized (disabled by default)
[lethe] Initializing renderer...
[lethe] Initializing hardware renderer (Skia GPU pipeline)
[lethe] Renderer initialized
[lethe] Initializing browser state...
[lethe] Browser state initialized
[lethe] Engine v1.0.0 initialized
[lethe-llm] Search service initialized (VPN: on)
[aletheia] Lethe bridge initialized with LLM search
[lethe-llm] Searching: test query
[lethe-http] GET https://search.aletheia.os/search?q=test%20query&num=10
[lethe-http][doh] cannot resolve provider cloudflare-dns.com
[lethe-http][doh] Blocked: secure DNS (DoH) lookup failed for search.aletheia.os
[lethe-llm] Search request failed: Blocked: secure DNS (DoH) lookup failed for search.aletheia.os
[lethe-llm] Reading page: https://example.com
[lethe-http] GET https://example.com
[lethe-http][doh] cannot resolve provider cloudflare-dns.com
[lethe-http][doh] Blocked: secure DNS (DoH) lookup failed for example.com
[lethe-llm] Page read failed: Blocked: secure DNS (DoH) lookup failed for example.com
[lethe] Shutting down components...
[lethe] HTTP client shut down
[lethe] Shut down renderer
[lethe] Engine shut down
  [PASS] AletheiaBridge_LlmSearchAvailable
[lethe] Applying Linux sandbox (seccomp-bpf, default-deny)...
[lethe] Seccomp allowlist active (103 syscalls permitted)
[lethe] Initializing security policies...
[lethe] Security policies initialized (CSP, sandboxing)
[lethe] Initializing network stack...
[lethe] HTTP client initialized (TLS 772+)
[lethe-http][doh] provider configured: https://cloudflare-dns.com/dns-query
[lethe] Network stack initialized (TLS 772+, DoH: on, UA: standard, cookies: partitioned, HSTS: enforced, private-net: isolated, pins: 0)
[lethe] Initializing built-in VPN...
[lethe] VPN tunnel attached to HTTP client
[lethe] Built-in VPN initialized (disabled by default)
[lethe] Initializing renderer...
[lethe] Initializing hardware renderer (Skia GPU pipeline)
[lethe] Renderer initialized
[lethe] Initializing browser state...
[lethe] Browser state initialized
[lethe] Engine v1.0.0 initialized
[lethe-llm] Search service initialized (VPN: on)
[aletheia] Lethe bridge initialized with LLM search
[lethe] Shutting down components...
[lethe] HTTP client shut down
[lethe] Shut down renderer
[lethe] Engine shut down
  [PASS] AletheiaBridge_Status
========================================
Results: 205 passed, 0 failed
<end of output>
Test time =  20.42 sec
----------------------------------------------------------
Test Passed.
"LetheTests" end time: Aug 26 07:09 UTC
"LetheTests" time elapsed: 00:00:20
----------------------------------------------------------

End testing: Aug 26 07:09 UTC
